The system is: Linux - 6.8.0-65-generic - x86_64
Compiling the C compiler identification source file "CMakeCCompilerId.c" succeeded.
Compiler: /usr/bin/cc 
Build flags: -fPIC
Id flags:  

The output was:
0


Compilation of the C compiler identification source "CMakeCCompilerId.c" produced "a.out"

The C compiler identification is GNU, found in "/home/fyou/Documents/ur-rpc-enhanced/ur-rpc-mastered/pkg_src/deps/cjson/CMakeFiles/3.22.1/CompilerIdC/a.out"

Detecting C compiler ABI info compiled with the following output:
Change Dir: /home/fyou/Documents/ur-rpc-enhanced/ur-rpc-mastered/pkg_src/deps/cjson/CMakeFiles/CMakeTmp

Run Build Command(s):/usr/bin/gmake -f Makefile cmTC_62b57/fast && gmake[4]: Entering directory '/home/fyou/Documents/ur-rpc-enhanced/ur-rpc-mastered/pkg_src/deps/cjson/CMakeFiles/CMakeTmp'
/usr/bin/gmake  -f CMakeFiles/cmTC_62b57.dir/build.make CMakeFiles/cmTC_62b57.dir/build
gmake[5]: Entering directory '/home/fyou/Documents/ur-rpc-enhanced/ur-rpc-mastered/pkg_src/deps/cjson/CMakeFiles/CMakeTmp'
Building C object CMakeFiles/cmTC_62b57.dir/CMakeCCompilerABI.c.o
/usr/bin/cc   -fPIC    -v -o CMakeFiles/cmTC_62b57.dir/CMakeCCompilerABI.c.o -c /usr/share/cmake-3.22/Modules/CMakeCCompilerABI.c
Using built-in specs.
COLLECT_GCC=/usr/bin/cc
OFFLOAD_TARGET_NAMES=nvptx-none:amdgcn-amdhsa
OFFLOAD_TARGET_DEFAULT=1
Target: x86_64-linux-gnu
Configured with: ../src/configure -v --with-pkgversion='Ubuntu 11.4.0-1ubuntu1~22.04' --with-bugurl=file:///usr/share/doc/gcc-11/README.Bugs --enable-languages=c,ada,c++,go,brig,d,fortran,objc,obj-c++,m2 --prefix=/usr --with-gcc-major-version-only --program-suffix=-11 --program-prefix=x86_64-linux-gnu- --enable-shared --enable-linker-build-id --libexecdir=/usr/lib --without-included-gettext --enable-threads=posix --libdir=/usr/lib --enable-nls --enable-bootstrap --enable-clocale=gnu --enable-libstdcxx-debug --enable-libstdcxx-time=yes --with-default-libstdcxx-abi=new --enable-gnu-unique-object --disable-vtable-verify --enable-plugin --enable-default-pie --with-system-zlib --enable-libphobos-checking=release --with-target-system-zlib=auto --enable-objc-gc=auto --enable-multiarch --disable-werror --enable-cet --with-arch-32=i686 --with-abi=m64 --with-multilib-list=m32,m64,mx32 --enable-multilib --with-tune=generic --enable-offload-targets=nvptx-none=/build/gcc-11-XeT9lY/gcc-11-11.4.0/debian/tmp-nvptx/usr,amdgcn-amdhsa=/build/gcc-11-XeT9lY/gcc-11-11.4.0/debian/tmp-gcn/usr --without-cuda-driver --enable-checking=release --build=x86_64-linux-gnu --host=x86_64-linux-gnu --target=x86_64-linux-gnu --with-build-config=bootstrap-lto-lean --enable-link-serialization=2
Thread model: posix
Supported LTO compression algorithms: zlib zstd
gcc version 11.4.0 (Ubuntu 11.4.0-1ubuntu1~22.04) 
COLLECT_GCC_OPTIONS='-fPIC' '-v' '-o' 'CMakeFiles/cmTC_62b57.dir/CMakeCCompilerABI.c.o' '-c' '-mtune=generic' '-march=x86-64' '-dumpdir' 'CMakeFiles/cmTC_62b57.dir/'
 /usr/lib/gcc/x86_64-linux-gnu/11/cc1 -quiet -v -imultiarch x86_64-linux-gnu /usr/share/cmake-3.22/Modules/CMakeCCompilerABI.c -quiet -dumpdir CMakeFiles/cmTC_62b57.dir/ -dumpbase CMakeCCompilerABI.c.c -dumpbase-ext .c -mtune=generic -march=x86-64 -version -fPIC -fasynchronous-unwind-tables -fstack-protector-strong -Wformat -Wformat-security -fstack-clash-protection -fcf-protection -o /tmp/ccFUxOfe.s
GNU C17 (Ubuntu 11.4.0-1ubuntu1~22.04) version 11.4.0 (x86_64-linux-gnu)
	compiled by GNU C version 11.4.0, GMP version 6.2.1, MPFR version 4.1.0, MPC version 1.2.1, isl version isl-0.24-GMP

GGC heuristics: --param ggc-min-expand=100 --param ggc-min-heapsize=131072
ignoring nonexistent directory "/usr/local/include/x86_64-linux-gnu"
ignoring nonexistent directory "/usr/lib/gcc/x86_64-linux-gnu/11/include-fixed"
ignoring nonexistent directory "/usr/lib/gcc/x86_64-linux-gnu/11/../../../../x86_64-linux-gnu/include"
#include "..." search starts here:
#include <...> search starts here:
 /usr/lib/gcc/x86_64-linux-gnu/11/include
 /usr/local/include
 /usr/include/x86_64-linux-gnu
 /usr/include
End of search list.
GNU C17 (Ubuntu 11.4.0-1ubuntu1~22.04) version 11.4.0 (x86_64-linux-gnu)
	compiled by GNU C version 11.4.0, GMP version 6.2.1, MPFR version 4.1.0, MPC version 1.2.1, isl version isl-0.24-GMP

GGC heuristics: --param ggc-min-expand=100 --param ggc-min-heapsize=131072
Compiler executable checksum: 50eaa2331df977b8016186198deb2d18
COLLECT_GCC_OPTIONS='-fPIC' '-v' '-o' 'CMakeFiles/cmTC_62b57.dir/CMakeCCompilerABI.c.o' '-c' '-mtune=generic' '-march=x86-64' '-dumpdir' 'CMakeFiles/cmTC_62b57.dir/'
 as -v --64 -o CMakeFiles/cmTC_62b57.dir/CMakeCCompilerABI.c.o /tmp/ccFUxOfe.s
GNU assembler version 2.38 (x86_64-linux-gnu) using BFD version (GNU Binutils for Ubuntu) 2.38
COMPILER_PATH=/usr/lib/gcc/x86_64-linux-gnu/11/:/usr/lib/gcc/x86_64-linux-gnu/11/:/usr/lib/gcc/x86_64-linux-gnu/:/usr/lib/gcc/x86_64-linux-gnu/11/:/usr/lib/gcc/x86_64-linux-gnu/
LIBRARY_PATH=/usr/lib/gcc/x86_64-linux-gnu/11/:/usr/lib/gcc/x86_64-linux-gnu/11/../../../x86_64-linux-gnu/:/usr/lib/gcc/x86_64-linux-gnu/11/../../../../lib/:/lib/x86_64-linux-gnu/:/lib/../lib/:/usr/lib/x86_64-linux-gnu/:/usr/lib/../lib/:/usr/lib/gcc/x86_64-linux-gnu/11/../../../:/lib/:/usr/lib/
COLLECT_GCC_OPTIONS='-fPIC' '-v' '-o' 'CMakeFiles/cmTC_62b57.dir/CMakeCCompilerABI.c.o' '-c' '-mtune=generic' '-march=x86-64' '-dumpdir' 'CMakeFiles/cmTC_62b57.dir/CMakeCCompilerABI.c.'
Linking C executable cmTC_62b57
/usr/bin/cmake -E cmake_link_script CMakeFiles/cmTC_62b57.dir/link.txt --verbose=1
/usr/bin/cc -fPIC   -v -rdynamic CMakeFiles/cmTC_62b57.dir/CMakeCCompilerABI.c.o -o cmTC_62b57 
Using built-in specs.
COLLECT_GCC=/usr/bin/cc
COLLECT_LTO_WRAPPER=/usr/lib/gcc/x86_64-linux-gnu/11/lto-wrapper
OFFLOAD_TARGET_NAMES=nvptx-none:amdgcn-amdhsa
OFFLOAD_TARGET_DEFAULT=1
Target: x86_64-linux-gnu
Configured with: ../src/configure -v --with-pkgversion='Ubuntu 11.4.0-1ubuntu1~22.04' --with-bugurl=file:///usr/share/doc/gcc-11/README.Bugs --enable-languages=c,ada,c++,go,brig,d,fortran,objc,obj-c++,m2 --prefix=/usr --with-gcc-major-version-only --program-suffix=-11 --program-prefix=x86_64-linux-gnu- --enable-shared --enable-linker-build-id --libexecdir=/usr/lib --without-included-gettext --enable-threads=posix --libdir=/usr/lib --enable-nls --enable-bootstrap --enable-clocale=gnu --enable-libstdcxx-debug --enable-libstdcxx-time=yes --with-default-libstdcxx-abi=new --enable-gnu-unique-object --disable-vtable-verify --enable-plugin --enable-default-pie --with-system-zlib --enable-libphobos-checking=release --with-target-system-zlib=auto --enable-objc-gc=auto --enable-multiarch --disable-werror --enable-cet --with-arch-32=i686 --with-abi=m64 --with-multilib-list=m32,m64,mx32 --enable-multilib --with-tune=generic --enable-offload-targets=nvptx-none=/build/gcc-11-XeT9lY/gcc-11-11.4.0/debian/tmp-nvptx/usr,amdgcn-amdhsa=/build/gcc-11-XeT9lY/gcc-11-11.4.0/debian/tmp-gcn/usr --without-cuda-driver --enable-checking=release --build=x86_64-linux-gnu --host=x86_64-linux-gnu --target=x86_64-linux-gnu --with-build-config=bootstrap-lto-lean --enable-link-serialization=2
Thread model: posix
Supported LTO compression algorithms: zlib zstd
gcc version 11.4.0 (Ubuntu 11.4.0-1ubuntu1~22.04) 
COMPILER_PATH=/usr/lib/gcc/x86_64-linux-gnu/11/:/usr/lib/gcc/x86_64-linux-gnu/11/:/usr/lib/gcc/x86_64-linux-gnu/:/usr/lib/gcc/x86_64-linux-gnu/11/:/usr/lib/gcc/x86_64-linux-gnu/
LIBRARY_PATH=/usr/lib/gcc/x86_64-linux-gnu/11/:/usr/lib/gcc/x86_64-linux-gnu/11/../../../x86_64-linux-gnu/:/usr/lib/gcc/x86_64-linux-gnu/11/../../../../lib/:/lib/x86_64-linux-gnu/:/lib/../lib/:/usr/lib/x86_64-linux-gnu/:/usr/lib/../lib/:/usr/lib/gcc/x86_64-linux-gnu/11/../../../:/lib/:/usr/lib/
COLLECT_GCC_OPTIONS='-fPIC' '-v' '-rdynamic' '-o' 'cmTC_62b57' '-mtune=generic' '-march=x86-64' '-dumpdir' 'cmTC_62b57.'
 /usr/lib/gcc/x86_64-linux-gnu/11/collect2 -plugin /usr/lib/gcc/x86_64-linux-gnu/11/liblto_plugin.so -plugin-opt=/usr/lib/gcc/x86_64-linux-gnu/11/lto-wrapper -plugin-opt=-fresolution=/tmp/ccYondaf.res -plugin-opt=-pass-through=-lgcc -plugin-opt=-pass-through=-lgcc_s -plugin-opt=-pass-through=-lc -plugin-opt=-pass-through=-lgcc -plugin-opt=-pass-through=-lgcc_s --build-id --eh-frame-hdr -m elf_x86_64 --hash-style=gnu --as-needed -export-dynamic -dynamic-linker /lib64/ld-linux-x86-64.so.2 -pie -z now -z relro -o cmTC_62b57 /usr/lib/gcc/x86_64-linux-gnu/11/../../../x86_64-linux-gnu/Scrt1.o /usr/lib/gcc/x86_64-linux-gnu/11/../../../x86_64-linux-gnu/crti.o /usr/lib/gcc/x86_64-linux-gnu/11/crtbeginS.o -L/usr/lib/gcc/x86_64-linux-gnu/11 -L/usr/lib/gcc/x86_64-linux-gnu/11/../../../x86_64-linux-gnu -L/usr/lib/gcc/x86_64-linux-gnu/11/../../../../lib -L/lib/x86_64-linux-gnu -L/lib/../lib -L/usr/lib/x86_64-linux-gnu -L/usr/lib/../lib -L/usr/lib/gcc/x86_64-linux-gnu/11/../../.. CMakeFiles/cmTC_62b57.dir/CMakeCCompilerABI.c.o -lgcc --push-state --as-needed -lgcc_s --pop-state -lc -lgcc --push-state --as-needed -lgcc_s --pop-state /usr/lib/gcc/x86_64-linux-gnu/11/crtendS.o /usr/lib/gcc/x86_64-linux-gnu/11/../../../x86_64-linux-gnu/crtn.o
COLLECT_GCC_OPTIONS='-fPIC' '-v' '-rdynamic' '-o' 'cmTC_62b57' '-mtune=generic' '-march=x86-64' '-dumpdir' 'cmTC_62b57.'
gmake[5]: Leaving directory '/home/fyou/Documents/ur-rpc-enhanced/ur-rpc-mastered/pkg_src/deps/cjson/CMakeFiles/CMakeTmp'
gmake[4]: Leaving directory '/home/fyou/Documents/ur-rpc-enhanced/ur-rpc-mastered/pkg_src/deps/cjson/CMakeFiles/CMakeTmp'



Parsed C implicit include dir info from above output: rv=done
  found start of include info
  found start of implicit include info
    add: [/usr/lib/gcc/x86_64-linux-gnu/11/include]
    add: [/usr/local/include]
    add: [/usr/include/x86_64-linux-gnu]
    add: [/usr/include]
  end of search list found
  collapse include dir [/usr/lib/gcc/x86_64-linux-gnu/11/include] ==> [/usr/lib/gcc/x86_64-linux-gnu/11/include]
  collapse include dir [/usr/local/include] ==> [/usr/local/include]
  collapse include dir [/usr/include/x86_64-linux-gnu] ==> [/usr/include/x86_64-linux-gnu]
  collapse include dir [/usr/include] ==> [/usr/include]
  implicit include dirs: [/usr/lib/gcc/x86_64-linux-gnu/11/include;/usr/local/include;/usr/include/x86_64-linux-gnu;/usr/include]


Parsed C implicit link information from above output:
  link line regex: [^( *|.*[/\])(ld|CMAKE_LINK_STARTFILE-NOTFOUND|([^/\]+-)?ld|collect2)[^/\]*( |$)]
  ignore line: [Change Dir: /home/fyou/Documents/ur-rpc-enhanced/ur-rpc-mastered/pkg_src/deps/cjson/CMakeFiles/CMakeTmp]
  ignore line: []
  ignore line: [Run Build Command(s):/usr/bin/gmake -f Makefile cmTC_62b57/fast && gmake[4]: Entering directory '/home/fyou/Documents/ur-rpc-enhanced/ur-rpc-mastered/pkg_src/deps/cjson/CMakeFiles/CMakeTmp']
  ignore line: [/usr/bin/gmake  -f CMakeFiles/cmTC_62b57.dir/build.make CMakeFiles/cmTC_62b57.dir/build]
  ignore line: [gmake[5]: Entering directory '/home/fyou/Documents/ur-rpc-enhanced/ur-rpc-mastered/pkg_src/deps/cjson/CMakeFiles/CMakeTmp']
  ignore line: [Building C object CMakeFiles/cmTC_62b57.dir/CMakeCCompilerABI.c.o]
  ignore line: [/usr/bin/cc   -fPIC    -v -o CMakeFiles/cmTC_62b57.dir/CMakeCCompilerABI.c.o -c /usr/share/cmake-3.22/Modules/CMakeCCompilerABI.c]
  ignore line: [Using built-in specs.]
  ignore line: [COLLECT_GCC=/usr/bin/cc]
  ignore line: [OFFLOAD_TARGET_NAMES=nvptx-none:amdgcn-amdhsa]
  ignore line: [OFFLOAD_TARGET_DEFAULT=1]
  ignore line: [Target: x86_64-linux-gnu]
  ignore line: [Configured with: ../src/configure -v --with-pkgversion='Ubuntu 11.4.0-1ubuntu1~22.04' --with-bugurl=file:///usr/share/doc/gcc-11/README.Bugs --enable-languages=c ada c++ go brig d fortran objc obj-c++ m2 --prefix=/usr --with-gcc-major-version-only --program-suffix=-11 --program-prefix=x86_64-linux-gnu- --enable-shared --enable-linker-build-id --libexecdir=/usr/lib --without-included-gettext --enable-threads=posix --libdir=/usr/lib --enable-nls --enable-bootstrap --enable-clocale=gnu --enable-libstdcxx-debug --enable-libstdcxx-time=yes --with-default-libstdcxx-abi=new --enable-gnu-unique-object --disable-vtable-verify --enable-plugin --enable-default-pie --with-system-zlib --enable-libphobos-checking=release --with-target-system-zlib=auto --enable-objc-gc=auto --enable-multiarch --disable-werror --enable-cet --with-arch-32=i686 --with-abi=m64 --with-multilib-list=m32 m64 mx32 --enable-multilib --with-tune=generic --enable-offload-targets=nvptx-none=/build/gcc-11-XeT9lY/gcc-11-11.4.0/debian/tmp-nvptx/usr amdgcn-amdhsa=/build/gcc-11-XeT9lY/gcc-11-11.4.0/debian/tmp-gcn/usr --without-cuda-driver --enable-checking=release --build=x86_64-linux-gnu --host=x86_64-linux-gnu --target=x86_64-linux-gnu --with-build-config=bootstrap-lto-lean --enable-link-serialization=2]
  ignore line: [Thread model: posix]
  ignore line: [Supported LTO compression algorithms: zlib zstd]
  ignore line: [gcc version 11.4.0 (Ubuntu 11.4.0-1ubuntu1~22.04) ]
  ignore line: [COLLECT_GCC_OPTIONS='-fPIC' '-v' '-o' 'CMakeFiles/cmTC_62b57.dir/CMakeCCompilerABI.c.o' '-c' '-mtune=generic' '-march=x86-64' '-dumpdir' 'CMakeFiles/cmTC_62b57.dir/']
  ignore line: [ /usr/lib/gcc/x86_64-linux-gnu/11/cc1 -quiet -v -imultiarch x86_64-linux-gnu /usr/share/cmake-3.22/Modules/CMakeCCompilerABI.c -quiet -dumpdir CMakeFiles/cmTC_62b57.dir/ -dumpbase CMakeCCompilerABI.c.c -dumpbase-ext .c -mtune=generic -march=x86-64 -version -fPIC -fasynchronous-unwind-tables -fstack-protector-strong -Wformat -Wformat-security -fstack-clash-protection -fcf-protection -o /tmp/ccFUxOfe.s]
  ignore line: [GNU C17 (Ubuntu 11.4.0-1ubuntu1~22.04) version 11.4.0 (x86_64-linux-gnu)]
  ignore line: [	compiled by GNU C version 11.4.0  GMP version 6.2.1  MPFR version 4.1.0  MPC version 1.2.1  isl version isl-0.24-GMP]
  ignore line: []
  ignore line: [GGC heuristics: --param ggc-min-expand=100 --param ggc-min-heapsize=131072]
  ignore line: [ignoring nonexistent directory "/usr/local/include/x86_64-linux-gnu"]
  ignore line: [ignoring nonexistent directory "/usr/lib/gcc/x86_64-linux-gnu/11/include-fixed"]
  ignore line: [ignoring nonexistent directory "/usr/lib/gcc/x86_64-linux-gnu/11/../../../../x86_64-linux-gnu/include"]
  ignore line: [#include "..." search starts here:]
  ignore line: [#include <...> search starts here:]
  ignore line: [ /usr/lib/gcc/x86_64-linux-gnu/11/include]
  ignore line: [ /usr/local/include]
  ignore line: [ /usr/include/x86_64-linux-gnu]
  ignore line: [ /usr/include]
  ignore line: [End of search list.]
  ignore line: [GNU C17 (Ubuntu 11.4.0-1ubuntu1~22.04) version 11.4.0 (x86_64-linux-gnu)]
  ignore line: [	compiled by GNU C version 11.4.0  GMP version 6.2.1  MPFR version 4.1.0  MPC version 1.2.1  isl version isl-0.24-GMP]
  ignore line: []
  ignore line: [GGC heuristics: --param ggc-min-expand=100 --param ggc-min-heapsize=131072]
  ignore line: [Compiler executable checksum: 50eaa2331df977b8016186198deb2d18]
  ignore line: [COLLECT_GCC_OPTIONS='-fPIC' '-v' '-o' 'CMakeFiles/cmTC_62b57.dir/CMakeCCompilerABI.c.o' '-c' '-mtune=generic' '-march=x86-64' '-dumpdir' 'CMakeFiles/cmTC_62b57.dir/']
  ignore line: [ as -v --64 -o CMakeFiles/cmTC_62b57.dir/CMakeCCompilerABI.c.o /tmp/ccFUxOfe.s]
  ignore line: [GNU assembler version 2.38 (x86_64-linux-gnu) using BFD version (GNU Binutils for Ubuntu) 2.38]
  ignore line: [COMPILER_PATH=/usr/lib/gcc/x86_64-linux-gnu/11/:/usr/lib/gcc/x86_64-linux-gnu/11/:/usr/lib/gcc/x86_64-linux-gnu/:/usr/lib/gcc/x86_64-linux-gnu/11/:/usr/lib/gcc/x86_64-linux-gnu/]
  ignore line: [LIBRARY_PATH=/usr/lib/gcc/x86_64-linux-gnu/11/:/usr/lib/gcc/x86_64-linux-gnu/11/../../../x86_64-linux-gnu/:/usr/lib/gcc/x86_64-linux-gnu/11/../../../../lib/:/lib/x86_64-linux-gnu/:/lib/../lib/:/usr/lib/x86_64-linux-gnu/:/usr/lib/../lib/:/usr/lib/gcc/x86_64-linux-gnu/11/../../../:/lib/:/usr/lib/]
  ignore line: [COLLECT_GCC_OPTIONS='-fPIC' '-v' '-o' 'CMakeFiles/cmTC_62b57.dir/CMakeCCompilerABI.c.o' '-c' '-mtune=generic' '-march=x86-64' '-dumpdir' 'CMakeFiles/cmTC_62b57.dir/CMakeCCompilerABI.c.']
  ignore line: [Linking C executable cmTC_62b57]
  ignore line: [/usr/bin/cmake -E cmake_link_script CMakeFiles/cmTC_62b57.dir/link.txt --verbose=1]
  ignore line: [/usr/bin/cc -fPIC   -v -rdynamic CMakeFiles/cmTC_62b57.dir/CMakeCCompilerABI.c.o -o cmTC_62b57 ]
  ignore line: [Using built-in specs.]
  ignore line: [COLLECT_GCC=/usr/bin/cc]
  ignore line: [COLLECT_LTO_WRAPPER=/usr/lib/gcc/x86_64-linux-gnu/11/lto-wrapper]
  ignore line: [OFFLOAD_TARGET_NAMES=nvptx-none:amdgcn-amdhsa]
  ignore line: [OFFLOAD_TARGET_DEFAULT=1]
  ignore line: [Target: x86_64-linux-gnu]
  ignore line: [Configured with: ../src/configure -v --with-pkgversion='Ubuntu 11.4.0-1ubuntu1~22.04' --with-bugurl=file:///usr/share/doc/gcc-11/README.Bugs --enable-languages=c ada c++ go brig d fortran objc obj-c++ m2 --prefix=/usr --with-gcc-major-version-only --program-suffix=-11 --program-prefix=x86_64-linux-gnu- --enable-shared --enable-linker-build-id --libexecdir=/usr/lib --without-included-gettext --enable-threads=posix --libdir=/usr/lib --enable-nls --enable-bootstrap --enable-clocale=gnu --enable-libstdcxx-debug --enable-libstdcxx-time=yes --with-default-libstdcxx-abi=new --enable-gnu-unique-object --disable-vtable-verify --enable-plugin --enable-default-pie --with-system-zlib --enable-libphobos-checking=release --with-target-system-zlib=auto --enable-objc-gc=auto --enable-multiarch --disable-werror --enable-cet --with-arch-32=i686 --with-abi=m64 --with-multilib-list=m32 m64 mx32 --enable-multilib --with-tune=generic --enable-offload-targets=nvptx-none=/build/gcc-11-XeT9lY/gcc-11-11.4.0/debian/tmp-nvptx/usr amdgcn-amdhsa=/build/gcc-11-XeT9lY/gcc-11-11.4.0/debian/tmp-gcn/usr --without-cuda-driver --enable-checking=release --build=x86_64-linux-gnu --host=x86_64-linux-gnu --target=x86_64-linux-gnu --with-build-config=bootstrap-lto-lean --enable-link-serialization=2]
  ignore line: [Thread model: posix]
  ignore line: [Supported LTO compression algorithms: zlib zstd]
  ignore line: [gcc version 11.4.0 (Ubuntu 11.4.0-1ubuntu1~22.04) ]
  ignore line: [COMPILER_PATH=/usr/lib/gcc/x86_64-linux-gnu/11/:/usr/lib/gcc/x86_64-linux-gnu/11/:/usr/lib/gcc/x86_64-linux-gnu/:/usr/lib/gcc/x86_64-linux-gnu/11/:/usr/lib/gcc/x86_64-linux-gnu/]
  ignore line: [LIBRARY_PATH=/usr/lib/gcc/x86_64-linux-gnu/11/:/usr/lib/gcc/x86_64-linux-gnu/11/../../../x86_64-linux-gnu/:/usr/lib/gcc/x86_64-linux-gnu/11/../../../../lib/:/lib/x86_64-linux-gnu/:/lib/../lib/:/usr/lib/x86_64-linux-gnu/:/usr/lib/../lib/:/usr/lib/gcc/x86_64-linux-gnu/11/../../../:/lib/:/usr/lib/]
  ignore line: [COLLECT_GCC_OPTIONS='-fPIC' '-v' '-rdynamic' '-o' 'cmTC_62b57' '-mtune=generic' '-march=x86-64' '-dumpdir' 'cmTC_62b57.']
  link line: [ /usr/lib/gcc/x86_64-linux-gnu/11/collect2 -plugin /usr/lib/gcc/x86_64-linux-gnu/11/liblto_plugin.so -plugin-opt=/usr/lib/gcc/x86_64-linux-gnu/11/lto-wrapper -plugin-opt=-fresolution=/tmp/ccYondaf.res -plugin-opt=-pass-through=-lgcc -plugin-opt=-pass-through=-lgcc_s -plugin-opt=-pass-through=-lc -plugin-opt=-pass-through=-lgcc -plugin-opt=-pass-through=-lgcc_s --build-id --eh-frame-hdr -m elf_x86_64 --hash-style=gnu --as-needed -export-dynamic -dynamic-linker /lib64/ld-linux-x86-64.so.2 -pie -z now -z relro -o cmTC_62b57 /usr/lib/gcc/x86_64-linux-gnu/11/../../../x86_64-linux-gnu/Scrt1.o /usr/lib/gcc/x86_64-linux-gnu/11/../../../x86_64-linux-gnu/crti.o /usr/lib/gcc/x86_64-linux-gnu/11/crtbeginS.o -L/usr/lib/gcc/x86_64-linux-gnu/11 -L/usr/lib/gcc/x86_64-linux-gnu/11/../../../x86_64-linux-gnu -L/usr/lib/gcc/x86_64-linux-gnu/11/../../../../lib -L/lib/x86_64-linux-gnu -L/lib/../lib -L/usr/lib/x86_64-linux-gnu -L/usr/lib/../lib -L/usr/lib/gcc/x86_64-linux-gnu/11/../../.. CMakeFiles/cmTC_62b57.dir/CMakeCCompilerABI.c.o -lgcc --push-state --as-needed -lgcc_s --pop-state -lc -lgcc --push-state --as-needed -lgcc_s --pop-state /usr/lib/gcc/x86_64-linux-gnu/11/crtendS.o /usr/lib/gcc/x86_64-linux-gnu/11/../../../x86_64-linux-gnu/crtn.o]
    arg [/usr/lib/gcc/x86_64-linux-gnu/11/collect2] ==> ignore
    arg [-plugin] ==> ignore
    arg [/usr/lib/gcc/x86_64-linux-gnu/11/liblto_plugin.so] ==> ignore
    arg [-plugin-opt=/usr/lib/gcc/x86_64-linux-gnu/11/lto-wrapper] ==> ignore
    arg [-plugin-opt=-fresolution=/tmp/ccYondaf.res] ==> ignore
    arg [-plugin-opt=-pass-through=-lgcc] ==> ignore
    arg [-plugin-opt=-pass-through=-lgcc_s] ==> ignore
    arg [-plugin-opt=-pass-through=-lc] ==> ignore
    arg [-plugin-opt=-pass-through=-lgcc] ==> ignore
    arg [-plugin-opt=-pass-through=-lgcc_s] ==> ignore
    arg [--build-id] ==> ignore
    arg [--eh-frame-hdr] ==> ignore
    arg [-m] ==> ignore
    arg [elf_x86_64] ==> ignore
    arg [--hash-style=gnu] ==> ignore
    arg [--as-needed] ==> ignore
    arg [-export-dynamic] ==> ignore
    arg [-dynamic-linker] ==> ignore
    arg [/lib64/ld-linux-x86-64.so.2] ==> ignore
    arg [-pie] ==> ignore
    arg [-znow] ==> ignore
    arg [-zrelro] ==> ignore
    arg [-o] ==> ignore
    arg [cmTC_62b57] ==> ignore
    arg [/usr/lib/gcc/x86_64-linux-gnu/11/../../../x86_64-linux-gnu/Scrt1.o] ==> obj [/usr/lib/gcc/x86_64-linux-gnu/11/../../../x86_64-linux-gnu/Scrt1.o]
    arg [/usr/lib/gcc/x86_64-linux-gnu/11/../../../x86_64-linux-gnu/crti.o] ==> obj [/usr/lib/gcc/x86_64-linux-gnu/11/../../../x86_64-linux-gnu/crti.o]
    arg [/usr/lib/gcc/x86_64-linux-gnu/11/crtbeginS.o] ==> obj [/usr/lib/gcc/x86_64-linux-gnu/11/crtbeginS.o]
    arg [-L/usr/lib/gcc/x86_64-linux-gnu/11] ==> dir [/usr/lib/gcc/x86_64-linux-gnu/11]
    arg [-L/usr/lib/gcc/x86_64-linux-gnu/11/../../../x86_64-linux-gnu] ==> dir [/usr/lib/gcc/x86_64-linux-gnu/11/../../../x86_64-linux-gnu]
    arg [-L/usr/lib/gcc/x86_64-linux-gnu/11/../../../../lib] ==> dir [/usr/lib/gcc/x86_64-linux-gnu/11/../../../../lib]
    arg [-L/lib/x86_64-linux-gnu] ==> dir [/lib/x86_64-linux-gnu]
    arg [-L/lib/../lib] ==> dir [/lib/../lib]
    arg [-L/usr/lib/x86_64-linux-gnu] ==> dir [/usr/lib/x86_64-linux-gnu]
    arg [-L/usr/lib/../lib] ==> dir [/usr/lib/../lib]
    arg [-L/usr/lib/gcc/x86_64-linux-gnu/11/../../..] ==> dir [/usr/lib/gcc/x86_64-linux-gnu/11/../../..]
    arg [CMakeFiles/cmTC_62b57.dir/CMakeCCompilerABI.c.o] ==> ignore
    arg [-lgcc] ==> lib [gcc]
    arg [--push-state] ==> ignore
    arg [--as-needed] ==> ignore
    arg [-lgcc_s] ==> lib [gcc_s]
    arg [--pop-state] ==> ignore
    arg [-lc] ==> lib [c]
    arg [-lgcc] ==> lib [gcc]
    arg [--push-state] ==> ignore
    arg [--as-needed] ==> ignore
    arg [-lgcc_s] ==> lib [gcc_s]
    arg [--pop-state] ==> ignore
    arg [/usr/lib/gcc/x86_64-linux-gnu/11/crtendS.o] ==> obj [/usr/lib/gcc/x86_64-linux-gnu/11/crtendS.o]
    arg [/usr/lib/gcc/x86_64-linux-gnu/11/../../../x86_64-linux-gnu/crtn.o] ==> obj [/usr/lib/gcc/x86_64-linux-gnu/11/../../../x86_64-linux-gnu/crtn.o]
  collapse obj [/usr/lib/gcc/x86_64-linux-gnu/11/../../../x86_64-linux-gnu/Scrt1.o] ==> [/usr/lib/x86_64-linux-gnu/Scrt1.o]
  collapse obj [/usr/lib/gcc/x86_64-linux-gnu/11/../../../x86_64-linux-gnu/crti.o] ==> [/usr/lib/x86_64-linux-gnu/crti.o]
  collapse obj [/usr/lib/gcc/x86_64-linux-gnu/11/../../../x86_64-linux-gnu/crtn.o] ==> [/usr/lib/x86_64-linux-gnu/crtn.o]
  collapse library dir [/usr/lib/gcc/x86_64-linux-gnu/11] ==> [/usr/lib/gcc/x86_64-linux-gnu/11]
  collapse library dir [/usr/lib/gcc/x86_64-linux-gnu/11/../../../x86_64-linux-gnu] ==> [/usr/lib/x86_64-linux-gnu]
  collapse library dir [/usr/lib/gcc/x86_64-linux-gnu/11/../../../../lib] ==> [/usr/lib]
  collapse library dir [/lib/x86_64-linux-gnu] ==> [/lib/x86_64-linux-gnu]
  collapse library dir [/lib/../lib] ==> [/lib]
  collapse library dir [/usr/lib/x86_64-linux-gnu] ==> [/usr/lib/x86_64-linux-gnu]
  collapse library dir [/usr/lib/../lib] ==> [/usr/lib]
  collapse library dir [/usr/lib/gcc/x86_64-linux-gnu/11/../../..] ==> [/usr/lib]
  implicit libs: [gcc;gcc_s;c;gcc;gcc_s]
  implicit objs: [/usr/lib/x86_64-linux-gnu/Scrt1.o;/usr/lib/x86_64-linux-gnu/crti.o;/usr/lib/gcc/x86_64-linux-gnu/11/crtbeginS.o;/usr/lib/gcc/x86_64-linux-gnu/11/crtendS.o;/usr/lib/x86_64-linux-gnu/crtn.o]
  implicit dirs: [/usr/lib/gcc/x86_64-linux-gnu/11;/usr/lib/x86_64-linux-gnu;/usr/lib;/lib/x86_64-linux-gnu;/lib]
  implicit fwks: []


Performing C SOURCE FILE Test FLAG_SUPPORTED_stdc89 succeeded with the following output:
Change Dir: /home/fyou/Documents/ur-rpc-enhanced/ur-rpc-mastered/pkg_src/deps/cjson/CMakeFiles/CMakeTmp

Run Build Command(s):/usr/bin/gmake -f Makefile cmTC_27b18/fast && gmake[4]: Entering directory '/home/fyou/Documents/ur-rpc-enhanced/ur-rpc-mastered/pkg_src/deps/cjson/CMakeFiles/CMakeTmp'
/usr/bin/gmake  -f CMakeFiles/cmTC_27b18.dir/build.make CMakeFiles/cmTC_27b18.dir/build
gmake[5]: Entering directory '/home/fyou/Documents/ur-rpc-enhanced/ur-rpc-mastered/pkg_src/deps/cjson/CMakeFiles/CMakeTmp'
Building C object CMakeFiles/cmTC_27b18.dir/src.c.o
/usr/bin/cc -DFLAG_SUPPORTED_stdc89  -fPIC    -std=c89 -o CMakeFiles/cmTC_27b18.dir/src.c.o -c /home/fyou/Documents/ur-rpc-enhanced/ur-rpc-mastered/pkg_src/deps/cjson/CMakeFiles/CMakeTmp/src.c
Linking C executable cmTC_27b18
/usr/bin/cmake -E cmake_link_script CMakeFiles/cmTC_27b18.dir/link.txt --verbose=1
/usr/bin/cc -fPIC  -rdynamic CMakeFiles/cmTC_27b18.dir/src.c.o -o cmTC_27b18 
gmake[5]: Leaving directory '/home/fyou/Documents/ur-rpc-enhanced/ur-rpc-mastered/pkg_src/deps/cjson/CMakeFiles/CMakeTmp'
gmake[4]: Leaving directory '/home/fyou/Documents/ur-rpc-enhanced/ur-rpc-mastered/pkg_src/deps/cjson/CMakeFiles/CMakeTmp'


Source file was:
int main(void) { return 0; }
Performing C SOURCE FILE Test FLAG_SUPPORTED_pedantic succeeded with the following output:
Change Dir: /home/fyou/Documents/ur-rpc-enhanced/ur-rpc-mastered/pkg_src/deps/cjson/CMakeFiles/CMakeTmp

Run Build Command(s):/usr/bin/gmake -f Makefile cmTC_34443/fast && gmake[4]: Entering directory '/home/fyou/Documents/ur-rpc-enhanced/ur-rpc-mastered/pkg_src/deps/cjson/CMakeFiles/CMakeTmp'
/usr/bin/gmake  -f CMakeFiles/cmTC_34443.dir/build.make CMakeFiles/cmTC_34443.dir/build
gmake[5]: Entering directory '/home/fyou/Documents/ur-rpc-enhanced/ur-rpc-mastered/pkg_src/deps/cjson/CMakeFiles/CMakeTmp'
Building C object CMakeFiles/cmTC_34443.dir/src.c.o
/usr/bin/cc -DFLAG_SUPPORTED_pedantic  -fPIC -std=c89    -pedantic -o CMakeFiles/cmTC_34443.dir/src.c.o -c /home/fyou/Documents/ur-rpc-enhanced/ur-rpc-mastered/pkg_src/deps/cjson/CMakeFiles/CMakeTmp/src.c
Linking C executable cmTC_34443
/usr/bin/cmake -E cmake_link_script CMakeFiles/cmTC_34443.dir/link.txt --verbose=1
/usr/bin/cc -fPIC -std=c89  -rdynamic CMakeFiles/cmTC_34443.dir/src.c.o -o cmTC_34443 
gmake[5]: Leaving directory '/home/fyou/Documents/ur-rpc-enhanced/ur-rpc-mastered/pkg_src/deps/cjson/CMakeFiles/CMakeTmp'
gmake[4]: Leaving directory '/home/fyou/Documents/ur-rpc-enhanced/ur-rpc-mastered/pkg_src/deps/cjson/CMakeFiles/CMakeTmp'


Source file was:
int main(void) { return 0; }
Performing C SOURCE FILE Test FLAG_SUPPORTED_Wall succeeded with the following output:
Change Dir: /home/fyou/Documents/ur-rpc-enhanced/ur-rpc-mastered/pkg_src/deps/cjson/CMakeFiles/CMakeTmp

Run Build Command(s):/usr/bin/gmake -f Makefile cmTC_40df3/fast && gmake[4]: Entering directory '/home/fyou/Documents/ur-rpc-enhanced/ur-rpc-mastered/pkg_src/deps/cjson/CMakeFiles/CMakeTmp'
/usr/bin/gmake  -f CMakeFiles/cmTC_40df3.dir/build.make CMakeFiles/cmTC_40df3.dir/build
gmake[5]: Entering directory '/home/fyou/Documents/ur-rpc-enhanced/ur-rpc-mastered/pkg_src/deps/cjson/CMakeFiles/CMakeTmp'
Building C object CMakeFiles/cmTC_40df3.dir/src.c.o
/usr/bin/cc -DFLAG_SUPPORTED_Wall  -fPIC -std=c89 -pedantic    -Wall -o CMakeFiles/cmTC_40df3.dir/src.c.o -c /home/fyou/Documents/ur-rpc-enhanced/ur-rpc-mastered/pkg_src/deps/cjson/CMakeFiles/CMakeTmp/src.c
Linking C executable cmTC_40df3
/usr/bin/cmake -E cmake_link_script CMakeFiles/cmTC_40df3.dir/link.txt --verbose=1
/usr/bin/cc -fPIC -std=c89 -pedantic  -rdynamic CMakeFiles/cmTC_40df3.dir/src.c.o -o cmTC_40df3 
gmake[5]: Leaving directory '/home/fyou/Documents/ur-rpc-enhanced/ur-rpc-mastered/pkg_src/deps/cjson/CMakeFiles/CMakeTmp'
gmake[4]: Leaving directory '/home/fyou/Documents/ur-rpc-enhanced/ur-rpc-mastered/pkg_src/deps/cjson/CMakeFiles/CMakeTmp'


Source file was:
int main(void) { return 0; }
Performing C SOURCE FILE Test FLAG_SUPPORTED_Wextra succeeded with the following output:
Change Dir: /home/fyou/Documents/ur-rpc-enhanced/ur-rpc-mastered/pkg_src/deps/cjson/CMakeFiles/CMakeTmp

Run Build Command(s):/usr/bin/gmake -f Makefile cmTC_46521/fast && gmake[4]: Entering directory '/home/fyou/Documents/ur-rpc-enhanced/ur-rpc-mastered/pkg_src/deps/cjson/CMakeFiles/CMakeTmp'
/usr/bin/gmake  -f CMakeFiles/cmTC_46521.dir/build.make CMakeFiles/cmTC_46521.dir/build
gmake[5]: Entering directory '/home/fyou/Documents/ur-rpc-enhanced/ur-rpc-mastered/pkg_src/deps/cjson/CMakeFiles/CMakeTmp'
Building C object CMakeFiles/cmTC_46521.dir/src.c.o
/usr/bin/cc -DFLAG_SUPPORTED_Wextra  -fPIC -std=c89 -pedantic -Wall    -Wextra -o CMakeFiles/cmTC_46521.dir/src.c.o -c /home/fyou/Documents/ur-rpc-enhanced/ur-rpc-mastered/pkg_src/deps/cjson/CMakeFiles/CMakeTmp/src.c
Linking C executable cmTC_46521
/usr/bin/cmake -E cmake_link_script CMakeFiles/cmTC_46521.dir/link.txt --verbose=1
/usr/bin/cc -fPIC -std=c89 -pedantic -Wall  -rdynamic CMakeFiles/cmTC_46521.dir/src.c.o -o cmTC_46521 
gmake[5]: Leaving directory '/home/fyou/Documents/ur-rpc-enhanced/ur-rpc-mastered/pkg_src/deps/cjson/CMakeFiles/CMakeTmp'
gmake[4]: Leaving directory '/home/fyou/Documents/ur-rpc-enhanced/ur-rpc-mastered/pkg_src/deps/cjson/CMakeFiles/CMakeTmp'


Source file was:
int main(void) { return 0; }
Performing C SOURCE FILE Test FLAG_SUPPORTED_Werror succeeded with the following output:
Change Dir: /home/fyou/Documents/ur-rpc-enhanced/ur-rpc-mastered/pkg_src/deps/cjson/CMakeFiles/CMakeTmp

Run Build Command(s):/usr/bin/gmake -f Makefile cmTC_0d4af/fast && gmake[4]: Entering directory '/home/fyou/Documents/ur-rpc-enhanced/ur-rpc-mastered/pkg_src/deps/cjson/CMakeFiles/CMakeTmp'
/usr/bin/gmake  -f CMakeFiles/cmTC_0d4af.dir/build.make CMakeFiles/cmTC_0d4af.dir/build
gmake[5]: Entering directory '/home/fyou/Documents/ur-rpc-enhanced/ur-rpc-mastered/pkg_src/deps/cjson/CMakeFiles/CMakeTmp'
Building C object CMakeFiles/cmTC_0d4af.dir/src.c.o
/usr/bin/cc -DFLAG_SUPPORTED_Werror  -fPIC -std=c89 -pedantic -Wall -Wextra    -Werror -o CMakeFiles/cmTC_0d4af.dir/src.c.o -c /home/fyou/Documents/ur-rpc-enhanced/ur-rpc-mastered/pkg_src/deps/cjson/CMakeFiles/CMakeTmp/src.c
Linking C executable cmTC_0d4af
/usr/bin/cmake -E cmake_link_script CMakeFiles/cmTC_0d4af.dir/link.txt --verbose=1
/usr/bin/cc -fPIC -std=c89 -pedantic -Wall -Wextra  -rdynamic CMakeFiles/cmTC_0d4af.dir/src.c.o -o cmTC_0d4af 
gmake[5]: Leaving directory '/home/fyou/Documents/ur-rpc-enhanced/ur-rpc-mastered/pkg_src/deps/cjson/CMakeFiles/CMakeTmp'
gmake[4]: Leaving directory '/home/fyou/Documents/ur-rpc-enhanced/ur-rpc-mastered/pkg_src/deps/cjson/CMakeFiles/CMakeTmp'


Source file was:
int main(void) { return 0; }
Performing C SOURCE FILE Test FLAG_SUPPORTED_Wstrictprototypes succeeded with the following output:
Change Dir: /home/fyou/Documents/ur-rpc-enhanced/ur-rpc-mastered/pkg_src/deps/cjson/CMakeFiles/CMakeTmp

Run Build Command(s):/usr/bin/gmake -f Makefile cmTC_b4f37/fast && gmake[4]: Entering directory '/home/fyou/Documents/ur-rpc-enhanced/ur-rpc-mastered/pkg_src/deps/cjson/CMakeFiles/CMakeTmp'
/usr/bin/gmake  -f CMakeFiles/cmTC_b4f37.dir/build.make CMakeFiles/cmTC_b4f37.dir/build
gmake[5]: Entering directory '/home/fyou/Documents/ur-rpc-enhanced/ur-rpc-mastered/pkg_src/deps/cjson/CMakeFiles/CMakeTmp'
Building C object CMakeFiles/cmTC_b4f37.dir/src.c.o
/usr/bin/cc -DFLAG_SUPPORTED_Wstrictprototypes  -fPIC -std=c89 -pedantic -Wall -Wextra -Werror    -Wstrict-prototypes -o CMakeFiles/cmTC_b4f37.dir/src.c.o -c /home/fyou/Documents/ur-rpc-enhanced/ur-rpc-mastered/pkg_src/deps/cjson/CMakeFiles/CMakeTmp/src.c
Linking C executable cmTC_b4f37
/usr/bin/cmake -E cmake_link_script CMakeFiles/cmTC_b4f37.dir/link.txt --verbose=1
/usr/bin/cc -fPIC -std=c89 -pedantic -Wall -Wextra -Werror  -rdynamic CMakeFiles/cmTC_b4f37.dir/src.c.o -o cmTC_b4f37 
gmake[5]: Leaving directory '/home/fyou/Documents/ur-rpc-enhanced/ur-rpc-mastered/pkg_src/deps/cjson/CMakeFiles/CMakeTmp'
gmake[4]: Leaving directory '/home/fyou/Documents/ur-rpc-enhanced/ur-rpc-mastered/pkg_src/deps/cjson/CMakeFiles/CMakeTmp'


Source file was:
int main(void) { return 0; }
Performing C SOURCE FILE Test FLAG_SUPPORTED_Wwritestrings succeeded with the following output:
Change Dir: /home/fyou/Documents/ur-rpc-enhanced/ur-rpc-mastered/pkg_src/deps/cjson/CMakeFiles/CMakeTmp

Run Build Command(s):/usr/bin/gmake -f Makefile cmTC_1f839/fast && gmake[4]: Entering directory '/home/fyou/Documents/ur-rpc-enhanced/ur-rpc-mastered/pkg_src/deps/cjson/CMakeFiles/CMakeTmp'
/usr/bin/gmake  -f CMakeFiles/cmTC_1f839.dir/build.make CMakeFiles/cmTC_1f839.dir/build
gmake[5]: Entering directory '/home/fyou/Documents/ur-rpc-enhanced/ur-rpc-mastered/pkg_src/deps/cjson/CMakeFiles/CMakeTmp'
Building C object CMakeFiles/cmTC_1f839.dir/src.c.o
/usr/bin/cc -DFLAG_SUPPORTED_Wwritestrings  -fPIC -std=c89 -pedantic -Wall -Wextra -Werror -Wstrict-prototypes    -Wwrite-strings -o CMakeFiles/cmTC_1f839.dir/src.c.o -c /home/fyou/Documents/ur-rpc-enhanced/ur-rpc-mastered/pkg_src/deps/cjson/CMakeFiles/CMakeTmp/src.c
Linking C executable cmTC_1f839
/usr/bin/cmake -E cmake_link_script CMakeFiles/cmTC_1f839.dir/link.txt --verbose=1
/usr/bin/cc -fPIC -std=c89 -pedantic -Wall -Wextra -Werror -Wstrict-prototypes  -rdynamic CMakeFiles/cmTC_1f839.dir/src.c.o -o cmTC_1f839 
gmake[5]: Leaving directory '/home/fyou/Documents/ur-rpc-enhanced/ur-rpc-mastered/pkg_src/deps/cjson/CMakeFiles/CMakeTmp'
gmake[4]: Leaving directory '/home/fyou/Documents/ur-rpc-enhanced/ur-rpc-mastered/pkg_src/deps/cjson/CMakeFiles/CMakeTmp'


Source file was:
int main(void) { return 0; }
Performing C SOURCE FILE Test FLAG_SUPPORTED_Wshadow succeeded with the following output:
Change Dir: /home/fyou/Documents/ur-rpc-enhanced/ur-rpc-mastered/pkg_src/deps/cjson/CMakeFiles/CMakeTmp

Run Build Command(s):/usr/bin/gmake -f Makefile cmTC_481e9/fast && gmake[4]: Entering directory '/home/fyou/Documents/ur-rpc-enhanced/ur-rpc-mastered/pkg_src/deps/cjson/CMakeFiles/CMakeTmp'
/usr/bin/gmake  -f CMakeFiles/cmTC_481e9.dir/build.make CMakeFiles/cmTC_481e9.dir/build
gmake[5]: Entering directory '/home/fyou/Documents/ur-rpc-enhanced/ur-rpc-mastered/pkg_src/deps/cjson/CMakeFiles/CMakeTmp'
Building C object CMakeFiles/cmTC_481e9.dir/src.c.o
/usr/bin/cc -DFLAG_SUPPORTED_Wshadow  -fPIC -std=c89 -pedantic -Wall -Wextra -Werror -Wstrict-prototypes -Wwrite-strings    -Wshadow -o CMakeFiles/cmTC_481e9.dir/src.c.o -c /home/fyou/Documents/ur-rpc-enhanced/ur-rpc-mastered/pkg_src/deps/cjson/CMakeFiles/CMakeTmp/src.c
Linking C executable cmTC_481e9
/usr/bin/cmake -E cmake_link_script CMakeFiles/cmTC_481e9.dir/link.txt --verbose=1
/usr/bin/cc -fPIC -std=c89 -pedantic -Wall -Wextra -Werror -Wstrict-prototypes -Wwrite-strings  -rdynamic CMakeFiles/cmTC_481e9.dir/src.c.o -o cmTC_481e9 
gmake[5]: Leaving directory '/home/fyou/Documents/ur-rpc-enhanced/ur-rpc-mastered/pkg_src/deps/cjson/CMakeFiles/CMakeTmp'
gmake[4]: Leaving directory '/home/fyou/Documents/ur-rpc-enhanced/ur-rpc-mastered/pkg_src/deps/cjson/CMakeFiles/CMakeTmp'


Source file was:
int main(void) { return 0; }
Performing C SOURCE FILE Test FLAG_SUPPORTED_Winitself succeeded with the following output:
Change Dir: /home/fyou/Documents/ur-rpc-enhanced/ur-rpc-mastered/pkg_src/deps/cjson/CMakeFiles/CMakeTmp

Run Build Command(s):/usr/bin/gmake -f Makefile cmTC_1a287/fast && gmake[4]: Entering directory '/home/fyou/Documents/ur-rpc-enhanced/ur-rpc-mastered/pkg_src/deps/cjson/CMakeFiles/CMakeTmp'
/usr/bin/gmake  -f CMakeFiles/cmTC_1a287.dir/build.make CMakeFiles/cmTC_1a287.dir/build
gmake[5]: Entering directory '/home/fyou/Documents/ur-rpc-enhanced/ur-rpc-mastered/pkg_src/deps/cjson/CMakeFiles/CMakeTmp'
Building C object CMakeFiles/cmTC_1a287.dir/src.c.o
/usr/bin/cc -DFLAG_SUPPORTED_Winitself  -fPIC -std=c89 -pedantic -Wall -Wextra -Werror -Wstrict-prototypes -Wwrite-strings -Wshadow    -Winit-self -o CMakeFiles/cmTC_1a287.dir/src.c.o -c /home/fyou/Documents/ur-rpc-enhanced/ur-rpc-mastered/pkg_src/deps/cjson/CMakeFiles/CMakeTmp/src.c
Linking C executable cmTC_1a287
/usr/bin/cmake -E cmake_link_script CMakeFiles/cmTC_1a287.dir/link.txt --verbose=1
/usr/bin/cc -fPIC -std=c89 -pedantic -Wall -Wextra -Werror -Wstrict-prototypes -Wwrite-strings -Wshadow  -rdynamic CMakeFiles/cmTC_1a287.dir/src.c.o -o cmTC_1a287 
gmake[5]: Leaving directory '/home/fyou/Documents/ur-rpc-enhanced/ur-rpc-mastered/pkg_src/deps/cjson/CMakeFiles/CMakeTmp'
gmake[4]: Leaving directory '/home/fyou/Documents/ur-rpc-enhanced/ur-rpc-mastered/pkg_src/deps/cjson/CMakeFiles/CMakeTmp'


Source file was:
int main(void) { return 0; }
Performing C SOURCE FILE Test FLAG_SUPPORTED_Wcastalign succeeded with the following output:
Change Dir: /home/fyou/Documents/ur-rpc-enhanced/ur-rpc-mastered/pkg_src/deps/cjson/CMakeFiles/CMakeTmp

Run Build Command(s):/usr/bin/gmake -f Makefile cmTC_ae0aa/fast && gmake[4]: Entering directory '/home/fyou/Documents/ur-rpc-enhanced/ur-rpc-mastered/pkg_src/deps/cjson/CMakeFiles/CMakeTmp'
/usr/bin/gmake  -f CMakeFiles/cmTC_ae0aa.dir/build.make CMakeFiles/cmTC_ae0aa.dir/build
gmake[5]: Entering directory '/home/fyou/Documents/ur-rpc-enhanced/ur-rpc-mastered/pkg_src/deps/cjson/CMakeFiles/CMakeTmp'
Building C object CMakeFiles/cmTC_ae0aa.dir/src.c.o
/usr/bin/cc -DFLAG_SUPPORTED_Wcastalign  -fPIC -std=c89 -pedantic -Wall -Wextra -Werror -Wstrict-prototypes -Wwrite-strings -Wshadow -Winit-self    -Wcast-align -o CMakeFiles/cmTC_ae0aa.dir/src.c.o -c /home/fyou/Documents/ur-rpc-enhanced/ur-rpc-mastered/pkg_src/deps/cjson/CMakeFiles/CMakeTmp/src.c
Linking C executable cmTC_ae0aa
/usr/bin/cmake -E cmake_link_script CMakeFiles/cmTC_ae0aa.dir/link.txt --verbose=1
/usr/bin/cc -fPIC -std=c89 -pedantic -Wall -Wextra -Werror -Wstrict-prototypes -Wwrite-strings -Wshadow -Winit-self  -rdynamic CMakeFiles/cmTC_ae0aa.dir/src.c.o -o cmTC_ae0aa 
gmake[5]: Leaving directory '/home/fyou/Documents/ur-rpc-enhanced/ur-rpc-mastered/pkg_src/deps/cjson/CMakeFiles/CMakeTmp'
gmake[4]: Leaving directory '/home/fyou/Documents/ur-rpc-enhanced/ur-rpc-mastered/pkg_src/deps/cjson/CMakeFiles/CMakeTmp'


Source file was:
int main(void) { return 0; }
Performing C SOURCE FILE Test FLAG_SUPPORTED_Wformat2 succeeded with the following output:
Change Dir: /home/fyou/Documents/ur-rpc-enhanced/ur-rpc-mastered/pkg_src/deps/cjson/CMakeFiles/CMakeTmp

Run Build Command(s):/usr/bin/gmake -f Makefile cmTC_0a865/fast && gmake[4]: Entering directory '/home/fyou/Documents/ur-rpc-enhanced/ur-rpc-mastered/pkg_src/deps/cjson/CMakeFiles/CMakeTmp'
/usr/bin/gmake  -f CMakeFiles/cmTC_0a865.dir/build.make CMakeFiles/cmTC_0a865.dir/build
gmake[5]: Entering directory '/home/fyou/Documents/ur-rpc-enhanced/ur-rpc-mastered/pkg_src/deps/cjson/CMakeFiles/CMakeTmp'
Building C object CMakeFiles/cmTC_0a865.dir/src.c.o
/usr/bin/cc -DFLAG_SUPPORTED_Wformat2  -fPIC -std=c89 -pedantic -Wall -Wextra -Werror -Wstrict-prototypes -Wwrite-strings -Wshadow -Winit-self -Wcast-align    -Wformat=2 -o CMakeFiles/cmTC_0a865.dir/src.c.o -c /home/fyou/Documents/ur-rpc-enhanced/ur-rpc-mastered/pkg_src/deps/cjson/CMakeFiles/CMakeTmp/src.c
Linking C executable cmTC_0a865
/usr/bin/cmake -E cmake_link_script CMakeFiles/cmTC_0a865.dir/link.txt --verbose=1
/usr/bin/cc -fPIC -std=c89 -pedantic -Wall -Wextra -Werror -Wstrict-prototypes -Wwrite-strings -Wshadow -Winit-self -Wcast-align  -rdynamic CMakeFiles/cmTC_0a865.dir/src.c.o -o cmTC_0a865 
gmake[5]: Leaving directory '/home/fyou/Documents/ur-rpc-enhanced/ur-rpc-mastered/pkg_src/deps/cjson/CMakeFiles/CMakeTmp'
gmake[4]: Leaving directory '/home/fyou/Documents/ur-rpc-enhanced/ur-rpc-mastered/pkg_src/deps/cjson/CMakeFiles/CMakeTmp'


Source file was:
int main(void) { return 0; }
Performing C SOURCE FILE Test FLAG_SUPPORTED_Wmissingprototypes succeeded with the following output:
Change Dir: /home/fyou/Documents/ur-rpc-enhanced/ur-rpc-mastered/pkg_src/deps/cjson/CMakeFiles/CMakeTmp

Run Build Command(s):/usr/bin/gmake -f Makefile cmTC_0b4d4/fast && gmake[4]: Entering directory '/home/fyou/Documents/ur-rpc-enhanced/ur-rpc-mastered/pkg_src/deps/cjson/CMakeFiles/CMakeTmp'
/usr/bin/gmake  -f CMakeFiles/cmTC_0b4d4.dir/build.make CMakeFiles/cmTC_0b4d4.dir/build
gmake[5]: Entering directory '/home/fyou/Documents/ur-rpc-enhanced/ur-rpc-mastered/pkg_src/deps/cjson/CMakeFiles/CMakeTmp'
Building C object CMakeFiles/cmTC_0b4d4.dir/src.c.o
/usr/bin/cc -DFLAG_SUPPORTED_Wmissingprototypes  -fPIC -std=c89 -pedantic -Wall -Wextra -Werror -Wstrict-prototypes -Wwrite-strings -Wshadow -Winit-self -Wcast-align -Wformat=2    -Wmissing-prototypes -o CMakeFiles/cmTC_0b4d4.dir/src.c.o -c /home/fyou/Documents/ur-rpc-enhanced/ur-rpc-mastered/pkg_src/deps/cjson/CMakeFiles/CMakeTmp/src.c
Linking C executable cmTC_0b4d4
/usr/bin/cmake -E cmake_link_script CMakeFiles/cmTC_0b4d4.dir/link.txt --verbose=1
/usr/bin/cc -fPIC -std=c89 -pedantic -Wall -Wextra -Werror -Wstrict-prototypes -Wwrite-strings -Wshadow -Winit-self -Wcast-align -Wformat=2  -rdynamic CMakeFiles/cmTC_0b4d4.dir/src.c.o -o cmTC_0b4d4 
gmake[5]: Leaving directory '/home/fyou/Documents/ur-rpc-enhanced/ur-rpc-mastered/pkg_src/deps/cjson/CMakeFiles/CMakeTmp'
gmake[4]: Leaving directory '/home/fyou/Documents/ur-rpc-enhanced/ur-rpc-mastered/pkg_src/deps/cjson/CMakeFiles/CMakeTmp'


Source file was:
int main(void) { return 0; }
Performing C SOURCE FILE Test FLAG_SUPPORTED_Wstrictoverflow2 succeeded with the following output:
Change Dir: /home/fyou/Documents/ur-rpc-enhanced/ur-rpc-mastered/pkg_src/deps/cjson/CMakeFiles/CMakeTmp

Run Build Command(s):/usr/bin/gmake -f Makefile cmTC_b21db/fast && gmake[4]: Entering directory '/home/fyou/Documents/ur-rpc-enhanced/ur-rpc-mastered/pkg_src/deps/cjson/CMakeFiles/CMakeTmp'
/usr/bin/gmake  -f CMakeFiles/cmTC_b21db.dir/build.make CMakeFiles/cmTC_b21db.dir/build
gmake[5]: Entering directory '/home/fyou/Documents/ur-rpc-enhanced/ur-rpc-mastered/pkg_src/deps/cjson/CMakeFiles/CMakeTmp'
Building C object CMakeFiles/cmTC_b21db.dir/src.c.o
/usr/bin/cc -DFLAG_SUPPORTED_Wstrictoverflow2  -fPIC -std=c89 -pedantic -Wall -Wextra -Werror -Wstrict-prototypes -Wwrite-strings -Wshadow -Winit-self -Wcast-align -Wformat=2 -Wmissing-prototypes    -Wstrict-overflow=2 -o CMakeFiles/cmTC_b21db.dir/src.c.o -c /home/fyou/Documents/ur-rpc-enhanced/ur-rpc-mastered/pkg_src/deps/cjson/CMakeFiles/CMakeTmp/src.c
Linking C executable cmTC_b21db
/usr/bin/cmake -E cmake_link_script CMakeFiles/cmTC_b21db.dir/link.txt --verbose=1
/usr/bin/cc -fPIC -std=c89 -pedantic -Wall -Wextra -Werror -Wstrict-prototypes -Wwrite-strings -Wshadow -Winit-self -Wcast-align -Wformat=2 -Wmissing-prototypes  -rdynamic CMakeFiles/cmTC_b21db.dir/src.c.o -o cmTC_b21db 
gmake[5]: Leaving directory '/home/fyou/Documents/ur-rpc-enhanced/ur-rpc-mastered/pkg_src/deps/cjson/CMakeFiles/CMakeTmp'
gmake[4]: Leaving directory '/home/fyou/Documents/ur-rpc-enhanced/ur-rpc-mastered/pkg_src/deps/cjson/CMakeFiles/CMakeTmp'


Source file was:
int main(void) { return 0; }
Performing C SOURCE FILE Test FLAG_SUPPORTED_Wcastqual succeeded with the following output:
Change Dir: /home/fyou/Documents/ur-rpc-enhanced/ur-rpc-mastered/pkg_src/deps/cjson/CMakeFiles/CMakeTmp

Run Build Command(s):/usr/bin/gmake -f Makefile cmTC_4ad14/fast && gmake[4]: Entering directory '/home/fyou/Documents/ur-rpc-enhanced/ur-rpc-mastered/pkg_src/deps/cjson/CMakeFiles/CMakeTmp'
/usr/bin/gmake  -f CMakeFiles/cmTC_4ad14.dir/build.make CMakeFiles/cmTC_4ad14.dir/build
gmake[5]: Entering directory '/home/fyou/Documents/ur-rpc-enhanced/ur-rpc-mastered/pkg_src/deps/cjson/CMakeFiles/CMakeTmp'
Building C object CMakeFiles/cmTC_4ad14.dir/src.c.o
/usr/bin/cc -DFLAG_SUPPORTED_Wcastqual  -fPIC -std=c89 -pedantic -Wall -Wextra -Werror -Wstrict-prototypes -Wwrite-strings -Wshadow -Winit-self -Wcast-align -Wformat=2 -Wmissing-prototypes -Wstrict-overflow=2    -Wcast-qual -o CMakeFiles/cmTC_4ad14.dir/src.c.o -c /home/fyou/Documents/ur-rpc-enhanced/ur-rpc-mastered/pkg_src/deps/cjson/CMakeFiles/CMakeTmp/src.c
Linking C executable cmTC_4ad14
/usr/bin/cmake -E cmake_link_script CMakeFiles/cmTC_4ad14.dir/link.txt --verbose=1
/usr/bin/cc -fPIC -std=c89 -pedantic -Wall -Wextra -Werror -Wstrict-prototypes -Wwrite-strings -Wshadow -Winit-self -Wcast-align -Wformat=2 -Wmissing-prototypes -Wstrict-overflow=2  -rdynamic CMakeFiles/cmTC_4ad14.dir/src.c.o -o cmTC_4ad14 
gmake[5]: Leaving directory '/home/fyou/Documents/ur-rpc-enhanced/ur-rpc-mastered/pkg_src/deps/cjson/CMakeFiles/CMakeTmp'
gmake[4]: Leaving directory '/home/fyou/Documents/ur-rpc-enhanced/ur-rpc-mastered/pkg_src/deps/cjson/CMakeFiles/CMakeTmp'


Source file was:
int main(void) { return 0; }
Performing C SOURCE FILE Test FLAG_SUPPORTED_Wundef succeeded with the following output:
Change Dir: /home/fyou/Documents/ur-rpc-enhanced/ur-rpc-mastered/pkg_src/deps/cjson/CMakeFiles/CMakeTmp

Run Build Command(s):/usr/bin/gmake -f Makefile cmTC_3d53f/fast && gmake[4]: Entering directory '/home/fyou/Documents/ur-rpc-enhanced/ur-rpc-mastered/pkg_src/deps/cjson/CMakeFiles/CMakeTmp'
/usr/bin/gmake  -f CMakeFiles/cmTC_3d53f.dir/build.make CMakeFiles/cmTC_3d53f.dir/build
gmake[5]: Entering directory '/home/fyou/Documents/ur-rpc-enhanced/ur-rpc-mastered/pkg_src/deps/cjson/CMakeFiles/CMakeTmp'
Building C object CMakeFiles/cmTC_3d53f.dir/src.c.o
/usr/bin/cc -DFLAG_SUPPORTED_Wundef  -fPIC -std=c89 -pedantic -Wall -Wextra -Werror -Wstrict-prototypes -Wwrite-strings -Wshadow -Winit-self -Wcast-align -Wformat=2 -Wmissing-prototypes -Wstrict-overflow=2 -Wcast-qual    -Wundef -o CMakeFiles/cmTC_3d53f.dir/src.c.o -c /home/fyou/Documents/ur-rpc-enhanced/ur-rpc-mastered/pkg_src/deps/cjson/CMakeFiles/CMakeTmp/src.c
Linking C executable cmTC_3d53f
/usr/bin/cmake -E cmake_link_script CMakeFiles/cmTC_3d53f.dir/link.txt --verbose=1
/usr/bin/cc -fPIC -std=c89 -pedantic -Wall -Wextra -Werror -Wstrict-prototypes -Wwrite-strings -Wshadow -Winit-self -Wcast-align -Wformat=2 -Wmissing-prototypes -Wstrict-overflow=2 -Wcast-qual  -rdynamic CMakeFiles/cmTC_3d53f.dir/src.c.o -o cmTC_3d53f 
gmake[5]: Leaving directory '/home/fyou/Documents/ur-rpc-enhanced/ur-rpc-mastered/pkg_src/deps/cjson/CMakeFiles/CMakeTmp'
gmake[4]: Leaving directory '/home/fyou/Documents/ur-rpc-enhanced/ur-rpc-mastered/pkg_src/deps/cjson/CMakeFiles/CMakeTmp'


Source file was:
int main(void) { return 0; }
Performing C SOURCE FILE Test FLAG_SUPPORTED_Wswitchdefault succeeded with the following output:
Change Dir: /home/fyou/Documents/ur-rpc-enhanced/ur-rpc-mastered/pkg_src/deps/cjson/CMakeFiles/CMakeTmp

Run Build Command(s):/usr/bin/gmake -f Makefile cmTC_74f34/fast && gmake[4]: Entering directory '/home/fyou/Documents/ur-rpc-enhanced/ur-rpc-mastered/pkg_src/deps/cjson/CMakeFiles/CMakeTmp'
/usr/bin/gmake  -f CMakeFiles/cmTC_74f34.dir/build.make CMakeFiles/cmTC_74f34.dir/build
gmake[5]: Entering directory '/home/fyou/Documents/ur-rpc-enhanced/ur-rpc-mastered/pkg_src/deps/cjson/CMakeFiles/CMakeTmp'
Building C object CMakeFiles/cmTC_74f34.dir/src.c.o
/usr/bin/cc -DFLAG_SUPPORTED_Wswitchdefault  -fPIC -std=c89 -pedantic -Wall -Wextra -Werror -Wstrict-prototypes -Wwrite-strings -Wshadow -Winit-self -Wcast-align -Wformat=2 -Wmissing-prototypes -Wstrict-overflow=2 -Wcast-qual -Wundef    -Wswitch-default -o CMakeFiles/cmTC_74f34.dir/src.c.o -c /home/fyou/Documents/ur-rpc-enhanced/ur-rpc-mastered/pkg_src/deps/cjson/CMakeFiles/CMakeTmp/src.c
Linking C executable cmTC_74f34
/usr/bin/cmake -E cmake_link_script CMakeFiles/cmTC_74f34.dir/link.txt --verbose=1
/usr/bin/cc -fPIC -std=c89 -pedantic -Wall -Wextra -Werror -Wstrict-prototypes -Wwrite-strings -Wshadow -Winit-self -Wcast-align -Wformat=2 -Wmissing-prototypes -Wstrict-overflow=2 -Wcast-qual -Wundef  -rdynamic CMakeFiles/cmTC_74f34.dir/src.c.o -o cmTC_74f34 
gmake[5]: Leaving directory '/home/fyou/Documents/ur-rpc-enhanced/ur-rpc-mastered/pkg_src/deps/cjson/CMakeFiles/CMakeTmp'
gmake[4]: Leaving directory '/home/fyou/Documents/ur-rpc-enhanced/ur-rpc-mastered/pkg_src/deps/cjson/CMakeFiles/CMakeTmp'


Source file was:
int main(void) { return 0; }
Performing C SOURCE FILE Test FLAG_SUPPORTED_Wconversion succeeded with the following output:
Change Dir: /home/fyou/Documents/ur-rpc-enhanced/ur-rpc-mastered/pkg_src/deps/cjson/CMakeFiles/CMakeTmp

Run Build Command(s):/usr/bin/gmake -f Makefile cmTC_88a0d/fast && gmake[4]: Entering directory '/home/fyou/Documents/ur-rpc-enhanced/ur-rpc-mastered/pkg_src/deps/cjson/CMakeFiles/CMakeTmp'
/usr/bin/gmake  -f CMakeFiles/cmTC_88a0d.dir/build.make CMakeFiles/cmTC_88a0d.dir/build
gmake[5]: Entering directory '/home/fyou/Documents/ur-rpc-enhanced/ur-rpc-mastered/pkg_src/deps/cjson/CMakeFiles/CMakeTmp'
Building C object CMakeFiles/cmTC_88a0d.dir/src.c.o
/usr/bin/cc -DFLAG_SUPPORTED_Wconversion  -fPIC -std=c89 -pedantic -Wall -Wextra -Werror -Wstrict-prototypes -Wwrite-strings -Wshadow -Winit-self -Wcast-align -Wformat=2 -Wmissing-prototypes -Wstrict-overflow=2 -Wcast-qual -Wundef -Wswitch-default    -Wconversion -o CMakeFiles/cmTC_88a0d.dir/src.c.o -c /home/fyou/Documents/ur-rpc-enhanced/ur-rpc-mastered/pkg_src/deps/cjson/CMakeFiles/CMakeTmp/src.c
Linking C executable cmTC_88a0d
/usr/bin/cmake -E cmake_link_script CMakeFiles/cmTC_88a0d.dir/link.txt --verbose=1
/usr/bin/cc -fPIC -std=c89 -pedantic -Wall -Wextra -Werror -Wstrict-prototypes -Wwrite-strings -Wshadow -Winit-self -Wcast-align -Wformat=2 -Wmissing-prototypes -Wstrict-overflow=2 -Wcast-qual -Wundef -Wswitch-default  -rdynamic CMakeFiles/cmTC_88a0d.dir/src.c.o -o cmTC_88a0d 
gmake[5]: Leaving directory '/home/fyou/Documents/ur-rpc-enhanced/ur-rpc-mastered/pkg_src/deps/cjson/CMakeFiles/CMakeTmp'
gmake[4]: Leaving directory '/home/fyou/Documents/ur-rpc-enhanced/ur-rpc-mastered/pkg_src/deps/cjson/CMakeFiles/CMakeTmp'


Source file was:
int main(void) { return 0; }
Performing C SOURCE FILE Test FLAG_SUPPORTED_Wccompat succeeded with the following output:
Change Dir: /home/fyou/Documents/ur-rpc-enhanced/ur-rpc-mastered/pkg_src/deps/cjson/CMakeFiles/CMakeTmp

Run Build Command(s):/usr/bin/gmake -f Makefile cmTC_f4f16/fast && gmake[4]: Entering directory '/home/fyou/Documents/ur-rpc-enhanced/ur-rpc-mastered/pkg_src/deps/cjson/CMakeFiles/CMakeTmp'
/usr/bin/gmake  -f CMakeFiles/cmTC_f4f16.dir/build.make CMakeFiles/cmTC_f4f16.dir/build
gmake[5]: Entering directory '/home/fyou/Documents/ur-rpc-enhanced/ur-rpc-mastered/pkg_src/deps/cjson/CMakeFiles/CMakeTmp'
Building C object CMakeFiles/cmTC_f4f16.dir/src.c.o
/usr/bin/cc -DFLAG_SUPPORTED_Wccompat  -fPIC -std=c89 -pedantic -Wall -Wextra -Werror -Wstrict-prototypes -Wwrite-strings -Wshadow -Winit-self -Wcast-align -Wformat=2 -Wmissing-prototypes -Wstrict-overflow=2 -Wcast-qual -Wundef -Wswitch-default -Wconversion    -Wc++-compat -o CMakeFiles/cmTC_f4f16.dir/src.c.o -c /home/fyou/Documents/ur-rpc-enhanced/ur-rpc-mastered/pkg_src/deps/cjson/CMakeFiles/CMakeTmp/src.c
Linking C executable cmTC_f4f16
/usr/bin/cmake -E cmake_link_script CMakeFiles/cmTC_f4f16.dir/link.txt --verbose=1
/usr/bin/cc -fPIC -std=c89 -pedantic -Wall -Wextra -Werror -Wstrict-prototypes -Wwrite-strings -Wshadow -Winit-self -Wcast-align -Wformat=2 -Wmissing-prototypes -Wstrict-overflow=2 -Wcast-qual -Wundef -Wswitch-default -Wconversion  -rdynamic CMakeFiles/cmTC_f4f16.dir/src.c.o -o cmTC_f4f16 
gmake[5]: Leaving directory '/home/fyou/Documents/ur-rpc-enhanced/ur-rpc-mastered/pkg_src/deps/cjson/CMakeFiles/CMakeTmp'
gmake[4]: Leaving directory '/home/fyou/Documents/ur-rpc-enhanced/ur-rpc-mastered/pkg_src/deps/cjson/CMakeFiles/CMakeTmp'


Source file was:
int main(void) { return 0; }
Performing C SOURCE FILE Test FLAG_SUPPORTED_fstackprotectorstrong succeeded with the following output:
Change Dir: /home/fyou/Documents/ur-rpc-enhanced/ur-rpc-mastered/pkg_src/deps/cjson/CMakeFiles/CMakeTmp

Run Build Command(s):/usr/bin/gmake -f Makefile cmTC_90737/fast && gmake[4]: Entering directory '/home/fyou/Documents/ur-rpc-enhanced/ur-rpc-mastered/pkg_src/deps/cjson/CMakeFiles/CMakeTmp'
/usr/bin/gmake  -f CMakeFiles/cmTC_90737.dir/build.make CMakeFiles/cmTC_90737.dir/build
gmake[5]: Entering directory '/home/fyou/Documents/ur-rpc-enhanced/ur-rpc-mastered/pkg_src/deps/cjson/CMakeFiles/CMakeTmp'
Building C object CMakeFiles/cmTC_90737.dir/src.c.o
/usr/bin/cc -DFLAG_SUPPORTED_fstackprotectorstrong  -fPIC -std=c89 -pedantic -Wall -Wextra -Werror -Wstrict-prototypes -Wwrite-strings -Wshadow -Winit-self -Wcast-align -Wformat=2 -Wmissing-prototypes -Wstrict-overflow=2 -Wcast-qual -Wundef -Wswitch-default -Wconversion -Wc++-compat    -fstack-protector-strong -o CMakeFiles/cmTC_90737.dir/src.c.o -c /home/fyou/Documents/ur-rpc-enhanced/ur-rpc-mastered/pkg_src/deps/cjson/CMakeFiles/CMakeTmp/src.c
Linking C executable cmTC_90737
/usr/bin/cmake -E cmake_link_script CMakeFiles/cmTC_90737.dir/link.txt --verbose=1
/usr/bin/cc -fPIC -std=c89 -pedantic -Wall -Wextra -Werror -Wstrict-prototypes -Wwrite-strings -Wshadow -Winit-self -Wcast-align -Wformat=2 -Wmissing-prototypes -Wstrict-overflow=2 -Wcast-qual -Wundef -Wswitch-default -Wconversion -Wc++-compat  -rdynamic CMakeFiles/cmTC_90737.dir/src.c.o -o cmTC_90737 
gmake[5]: Leaving directory '/home/fyou/Documents/ur-rpc-enhanced/ur-rpc-mastered/pkg_src/deps/cjson/CMakeFiles/CMakeTmp'
gmake[4]: Leaving directory '/home/fyou/Documents/ur-rpc-enhanced/ur-rpc-mastered/pkg_src/deps/cjson/CMakeFiles/CMakeTmp'


Source file was:
int main(void) { return 0; }
Performing C SOURCE FILE Test FLAG_SUPPORTED_Wdoublepromotion succeeded with the following output:
Change Dir: /home/fyou/Documents/ur-rpc-enhanced/ur-rpc-mastered/pkg_src/deps/cjson/CMakeFiles/CMakeTmp

Run Build Command(s):/usr/bin/gmake -f Makefile cmTC_95574/fast && gmake[4]: Entering directory '/home/fyou/Documents/ur-rpc-enhanced/ur-rpc-mastered/pkg_src/deps/cjson/CMakeFiles/CMakeTmp'
/usr/bin/gmake  -f CMakeFiles/cmTC_95574.dir/build.make CMakeFiles/cmTC_95574.dir/build
gmake[5]: Entering directory '/home/fyou/Documents/ur-rpc-enhanced/ur-rpc-mastered/pkg_src/deps/cjson/CMakeFiles/CMakeTmp'
Building C object CMakeFiles/cmTC_95574.dir/src.c.o
/usr/bin/cc -DFLAG_SUPPORTED_Wdoublepromotion  -fPIC -std=c89 -pedantic -Wall -Wextra -Werror -Wstrict-prototypes -Wwrite-strings -Wshadow -Winit-self -Wcast-align -Wformat=2 -Wmissing-prototypes -Wstrict-overflow=2 -Wcast-qual -Wundef -Wswitch-default -Wconversion -Wc++-compat -fstack-protector-strong    -Wdouble-promotion -o CMakeFiles/cmTC_95574.dir/src.c.o -c /home/fyou/Documents/ur-rpc-enhanced/ur-rpc-mastered/pkg_src/deps/cjson/CMakeFiles/CMakeTmp/src.c
Linking C executable cmTC_95574
/usr/bin/cmake -E cmake_link_script CMakeFiles/cmTC_95574.dir/link.txt --verbose=1
/usr/bin/cc -fPIC -std=c89 -pedantic -Wall -Wextra -Werror -Wstrict-prototypes -Wwrite-strings -Wshadow -Winit-self -Wcast-align -Wformat=2 -Wmissing-prototypes -Wstrict-overflow=2 -Wcast-qual -Wundef -Wswitch-default -Wconversion -Wc++-compat -fstack-protector-strong  -rdynamic CMakeFiles/cmTC_95574.dir/src.c.o -o cmTC_95574 
gmake[5]: Leaving directory '/home/fyou/Documents/ur-rpc-enhanced/ur-rpc-mastered/pkg_src/deps/cjson/CMakeFiles/CMakeTmp'
gmake[4]: Leaving directory '/home/fyou/Documents/ur-rpc-enhanced/ur-rpc-mastered/pkg_src/deps/cjson/CMakeFiles/CMakeTmp'


Source file was:
int main(void) { return 0; }
Performing C SOURCE FILE Test FLAG_SUPPORTED_Wparentheses succeeded with the following output:
Change Dir: /home/fyou/Documents/ur-rpc-enhanced/ur-rpc-mastered/pkg_src/deps/cjson/CMakeFiles/CMakeTmp

Run Build Command(s):/usr/bin/gmake -f Makefile cmTC_bf11d/fast && gmake[4]: Entering directory '/home/fyou/Documents/ur-rpc-enhanced/ur-rpc-mastered/pkg_src/deps/cjson/CMakeFiles/CMakeTmp'
/usr/bin/gmake  -f CMakeFiles/cmTC_bf11d.dir/build.make CMakeFiles/cmTC_bf11d.dir/build
gmake[5]: Entering directory '/home/fyou/Documents/ur-rpc-enhanced/ur-rpc-mastered/pkg_src/deps/cjson/CMakeFiles/CMakeTmp'
Building C object CMakeFiles/cmTC_bf11d.dir/src.c.o
/usr/bin/cc -DFLAG_SUPPORTED_Wparentheses  -fPIC -std=c89 -pedantic -Wall -Wextra -Werror -Wstrict-prototypes -Wwrite-strings -Wshadow -Winit-self -Wcast-align -Wformat=2 -Wmissing-prototypes -Wstrict-overflow=2 -Wcast-qual -Wundef -Wswitch-default -Wconversion -Wc++-compat -fstack-protector-strong -Wdouble-promotion    -Wparentheses -o CMakeFiles/cmTC_bf11d.dir/src.c.o -c /home/fyou/Documents/ur-rpc-enhanced/ur-rpc-mastered/pkg_src/deps/cjson/CMakeFiles/CMakeTmp/src.c
Linking C executable cmTC_bf11d
/usr/bin/cmake -E cmake_link_script CMakeFiles/cmTC_bf11d.dir/link.txt --verbose=1
/usr/bin/cc -fPIC -std=c89 -pedantic -Wall -Wextra -Werror -Wstrict-prototypes -Wwrite-strings -Wshadow -Winit-self -Wcast-align -Wformat=2 -Wmissing-prototypes -Wstrict-overflow=2 -Wcast-qual -Wundef -Wswitch-default -Wconversion -Wc++-compat -fstack-protector-strong -Wdouble-promotion  -rdynamic CMakeFiles/cmTC_bf11d.dir/src.c.o -o cmTC_bf11d 
gmake[5]: Leaving directory '/home/fyou/Documents/ur-rpc-enhanced/ur-rpc-mastered/pkg_src/deps/cjson/CMakeFiles/CMakeTmp'
gmake[4]: Leaving directory '/home/fyou/Documents/ur-rpc-enhanced/ur-rpc-mastered/pkg_src/deps/cjson/CMakeFiles/CMakeTmp'


Source file was:
int main(void) { return 0; }
Performing C SOURCE FILE Test FLAG_SUPPORTED_Wformatoverflow succeeded with the following output:
Change Dir: /home/fyou/Documents/ur-rpc-enhanced/ur-rpc-mastered/pkg_src/deps/cjson/CMakeFiles/CMakeTmp

Run Build Command(s):/usr/bin/gmake -f Makefile cmTC_1b5c0/fast && gmake[4]: Entering directory '/home/fyou/Documents/ur-rpc-enhanced/ur-rpc-mastered/pkg_src/deps/cjson/CMakeFiles/CMakeTmp'
/usr/bin/gmake  -f CMakeFiles/cmTC_1b5c0.dir/build.make CMakeFiles/cmTC_1b5c0.dir/build
gmake[5]: Entering directory '/home/fyou/Documents/ur-rpc-enhanced/ur-rpc-mastered/pkg_src/deps/cjson/CMakeFiles/CMakeTmp'
Building C object CMakeFiles/cmTC_1b5c0.dir/src.c.o
/usr/bin/cc -DFLAG_SUPPORTED_Wformatoverflow  -fPIC -std=c89 -pedantic -Wall -Wextra -Werror -Wstrict-prototypes -Wwrite-strings -Wshadow -Winit-self -Wcast-align -Wformat=2 -Wmissing-prototypes -Wstrict-overflow=2 -Wcast-qual -Wundef -Wswitch-default -Wconversion -Wc++-compat -fstack-protector-strong -Wdouble-promotion -Wparentheses    -Wformat-overflow -o CMakeFiles/cmTC_1b5c0.dir/src.c.o -c /home/fyou/Documents/ur-rpc-enhanced/ur-rpc-mastered/pkg_src/deps/cjson/CMakeFiles/CMakeTmp/src.c
Linking C executable cmTC_1b5c0
/usr/bin/cmake -E cmake_link_script CMakeFiles/cmTC_1b5c0.dir/link.txt --verbose=1
/usr/bin/cc -fPIC -std=c89 -pedantic -Wall -Wextra -Werror -Wstrict-prototypes -Wwrite-strings -Wshadow -Winit-self -Wcast-align -Wformat=2 -Wmissing-prototypes -Wstrict-overflow=2 -Wcast-qual -Wundef -Wswitch-default -Wconversion -Wc++-compat -fstack-protector-strong -Wdouble-promotion -Wparentheses  -rdynamic CMakeFiles/cmTC_1b5c0.dir/src.c.o -o cmTC_1b5c0 
gmake[5]: Leaving directory '/home/fyou/Documents/ur-rpc-enhanced/ur-rpc-mastered/pkg_src/deps/cjson/CMakeFiles/CMakeTmp'
gmake[4]: Leaving directory '/home/fyou/Documents/ur-rpc-enhanced/ur-rpc-mastered/pkg_src/deps/cjson/CMakeFiles/CMakeTmp'


Source file was:
int main(void) { return 0; }
Performing C SOURCE FILE Test FLAG_SUPPORTED_Wunusedmacros succeeded with the following output:
Change Dir: /home/fyou/Documents/ur-rpc-enhanced/ur-rpc-mastered/pkg_src/deps/cjson/CMakeFiles/CMakeTmp

Run Build Command(s):/usr/bin/gmake -f Makefile cmTC_935ec/fast && gmake[4]: Entering directory '/home/fyou/Documents/ur-rpc-enhanced/ur-rpc-mastered/pkg_src/deps/cjson/CMakeFiles/CMakeTmp'
/usr/bin/gmake  -f CMakeFiles/cmTC_935ec.dir/build.make CMakeFiles/cmTC_935ec.dir/build
gmake[5]: Entering directory '/home/fyou/Documents/ur-rpc-enhanced/ur-rpc-mastered/pkg_src/deps/cjson/CMakeFiles/CMakeTmp'
Building C object CMakeFiles/cmTC_935ec.dir/src.c.o
/usr/bin/cc -DFLAG_SUPPORTED_Wunusedmacros  -fPIC -std=c89 -pedantic -Wall -Wextra -Werror -Wstrict-prototypes -Wwrite-strings -Wshadow -Winit-self -Wcast-align -Wformat=2 -Wmissing-prototypes -Wstrict-overflow=2 -Wcast-qual -Wundef -Wswitch-default -Wconversion -Wc++-compat -fstack-protector-strong -Wdouble-promotion -Wparentheses -Wformat-overflow    -Wunused-macros -o CMakeFiles/cmTC_935ec.dir/src.c.o -c /home/fyou/Documents/ur-rpc-enhanced/ur-rpc-mastered/pkg_src/deps/cjson/CMakeFiles/CMakeTmp/src.c
Linking C executable cmTC_935ec
/usr/bin/cmake -E cmake_link_script CMakeFiles/cmTC_935ec.dir/link.txt --verbose=1
/usr/bin/cc -fPIC -std=c89 -pedantic -Wall -Wextra -Werror -Wstrict-prototypes -Wwrite-strings -Wshadow -Winit-self -Wcast-align -Wformat=2 -Wmissing-prototypes -Wstrict-overflow=2 -Wcast-qual -Wundef -Wswitch-default -Wconversion -Wc++-compat -fstack-protector-strong -Wdouble-promotion -Wparentheses -Wformat-overflow  -rdynamic CMakeFiles/cmTC_935ec.dir/src.c.o -o cmTC_935ec 
gmake[5]: Leaving directory '/home/fyou/Documents/ur-rpc-enhanced/ur-rpc-mastered/pkg_src/deps/cjson/CMakeFiles/CMakeTmp'
gmake[4]: Leaving directory '/home/fyou/Documents/ur-rpc-enhanced/ur-rpc-mastered/pkg_src/deps/cjson/CMakeFiles/CMakeTmp'


Source file was:
int main(void) { return 0; }
Performing C SOURCE FILE Test FLAG_SUPPORTED_Wswitchenum succeeded with the following output:
Change Dir: /home/fyou/Documents/ur-rpc-enhanced/ur-rpc-mastered/pkg_src/deps/cjson/CMakeFiles/CMakeTmp

Run Build Command(s):/usr/bin/gmake -f Makefile cmTC_42ecd/fast && gmake[4]: Entering directory '/home/fyou/Documents/ur-rpc-enhanced/ur-rpc-mastered/pkg_src/deps/cjson/CMakeFiles/CMakeTmp'
/usr/bin/gmake  -f CMakeFiles/cmTC_42ecd.dir/build.make CMakeFiles/cmTC_42ecd.dir/build
gmake[5]: Entering directory '/home/fyou/Documents/ur-rpc-enhanced/ur-rpc-mastered/pkg_src/deps/cjson/CMakeFiles/CMakeTmp'
Building C object CMakeFiles/cmTC_42ecd.dir/src.c.o
/usr/bin/cc -DFLAG_SUPPORTED_Wswitchenum  -fPIC -std=c89 -pedantic -Wall -Wextra -Werror -Wstrict-prototypes -Wwrite-strings -Wshadow -Winit-self -Wcast-align -Wformat=2 -Wmissing-prototypes -Wstrict-overflow=2 -Wcast-qual -Wundef -Wswitch-default -Wconversion -Wc++-compat -fstack-protector-strong -Wdouble-promotion -Wparentheses -Wformat-overflow -Wunused-macros    -Wswitch-enum -o CMakeFiles/cmTC_42ecd.dir/src.c.o -c /home/fyou/Documents/ur-rpc-enhanced/ur-rpc-mastered/pkg_src/deps/cjson/CMakeFiles/CMakeTmp/src.c
Linking C executable cmTC_42ecd
/usr/bin/cmake -E cmake_link_script CMakeFiles/cmTC_42ecd.dir/link.txt --verbose=1
/usr/bin/cc -fPIC -std=c89 -pedantic -Wall -Wextra -Werror -Wstrict-prototypes -Wwrite-strings -Wshadow -Winit-self -Wcast-align -Wformat=2 -Wmissing-prototypes -Wstrict-overflow=2 -Wcast-qual -Wundef -Wswitch-default -Wconversion -Wc++-compat -fstack-protector-strong -Wdouble-promotion -Wparentheses -Wformat-overflow -Wunused-macros  -rdynamic CMakeFiles/cmTC_42ecd.dir/src.c.o -o cmTC_42ecd 
gmake[5]: Leaving directory '/home/fyou/Documents/ur-rpc-enhanced/ur-rpc-mastered/pkg_src/deps/cjson/CMakeFiles/CMakeTmp'
gmake[4]: Leaving directory '/home/fyou/Documents/ur-rpc-enhanced/ur-rpc-mastered/pkg_src/deps/cjson/CMakeFiles/CMakeTmp'


Source file was:
int main(void) { return 0; }
Performing C SOURCE FILE Test FLAG_SUPPORTED_fvisibilityhidden succeeded with the following output:
Change Dir: /home/fyou/Documents/ur-rpc-enhanced/ur-rpc-mastered/pkg_src/deps/cjson/CMakeFiles/CMakeTmp

Run Build Command(s):/usr/bin/gmake -f Makefile cmTC_a891a/fast && gmake[4]: Entering directory '/home/fyou/Documents/ur-rpc-enhanced/ur-rpc-mastered/pkg_src/deps/cjson/CMakeFiles/CMakeTmp'
/usr/bin/gmake  -f CMakeFiles/cmTC_a891a.dir/build.make CMakeFiles/cmTC_a891a.dir/build
gmake[5]: Entering directory '/home/fyou/Documents/ur-rpc-enhanced/ur-rpc-mastered/pkg_src/deps/cjson/CMakeFiles/CMakeTmp'
Building C object CMakeFiles/cmTC_a891a.dir/src.c.o
/usr/bin/cc -DFLAG_SUPPORTED_fvisibilityhidden  -fPIC -std=c89 -pedantic -Wall -Wextra -Werror -Wstrict-prototypes -Wwrite-strings -Wshadow -Winit-self -Wcast-align -Wformat=2 -Wmissing-prototypes -Wstrict-overflow=2 -Wcast-qual -Wundef -Wswitch-default -Wconversion -Wc++-compat -fstack-protector-strong -Wdouble-promotion -Wparentheses -Wformat-overflow -Wunused-macros -Wswitch-enum    -fvisibility=hidden -o CMakeFiles/cmTC_a891a.dir/src.c.o -c /home/fyou/Documents/ur-rpc-enhanced/ur-rpc-mastered/pkg_src/deps/cjson/CMakeFiles/CMakeTmp/src.c
Linking C executable cmTC_a891a
/usr/bin/cmake -E cmake_link_script CMakeFiles/cmTC_a891a.dir/link.txt --verbose=1
/usr/bin/cc -fPIC -std=c89 -pedantic -Wall -Wextra -Werror -Wstrict-prototypes -Wwrite-strings -Wshadow -Winit-self -Wcast-align -Wformat=2 -Wmissing-prototypes -Wstrict-overflow=2 -Wcast-qual -Wundef -Wswitch-default -Wconversion -Wc++-compat -fstack-protector-strong -Wdouble-promotion -Wparentheses -Wformat-overflow -Wunused-macros -Wswitch-enum  -rdynamic CMakeFiles/cmTC_a891a.dir/src.c.o -o cmTC_a891a 
gmake[5]: Leaving directory '/home/fyou/Documents/ur-rpc-enhanced/ur-rpc-mastered/pkg_src/deps/cjson/CMakeFiles/CMakeTmp'
gmake[4]: Leaving directory '/home/fyou/Documents/ur-rpc-enhanced/ur-rpc-mastered/pkg_src/deps/cjson/CMakeFiles/CMakeTmp'


Source file was:
int main(void) { return 0; }
