The system is: Linux - 6.8.0-60-generic - x86_64
Compiling the C compiler identification source file "CMakeCCompilerId.c" succeeded.
Compiler: /usr/bin/cc 
Build flags: -fPIC
Id flags:  

The output was:
0


Compilation of the C compiler identification source "CMakeCCompilerId.c" produced "a.out"

The C compiler identification is GNU, found in "/home/fyou/Documents/todo/ur-rpc-super/pkg_src/deps/cjson/CMakeFiles/3.22.1/CompilerIdC/a.out"

Detecting C compiler ABI info compiled with the following output:
Change Dir: /home/fyou/Documents/todo/ur-rpc-super/pkg_src/deps/cjson/CMakeFiles/CMakeTmp

Run Build Command(s):/usr/bin/gmake -f Makefile cmTC_3c9bc/fast && gmake[3]: Entering directory '/home/fyou/Documents/todo/ur-rpc-super/pkg_src/deps/cjson/CMakeFiles/CMakeTmp'
/usr/bin/gmake  -f CMakeFiles/cmTC_3c9bc.dir/build.make CMakeFiles/cmTC_3c9bc.dir/build
gmake[4]: Entering directory '/home/fyou/Documents/todo/ur-rpc-super/pkg_src/deps/cjson/CMakeFiles/CMakeTmp'
Building C object CMakeFiles/cmTC_3c9bc.dir/CMakeCCompilerABI.c.o
/usr/bin/cc   -fPIC    -v -o CMakeFiles/cmTC_3c9bc.dir/CMakeCCompilerABI.c.o -c /usr/share/cmake-3.22/Modules/CMakeCCompilerABI.c
Using built-in specs.
COLLECT_GCC=/usr/bin/cc
OFFLOAD_TARGET_NAMES=nvptx-none:amdgcn-amdhsa
OFFLOAD_TARGET_DEFAULT=1
Target: x86_64-linux-gnu
Configured with: ../src/configure -v --with-pkgversion='Ubuntu 11.4.0-1ubuntu1~22.04' --with-bugurl=file:///usr/share/doc/gcc-11/README.Bugs --enable-languages=c,ada,c++,go,brig,d,fortran,objc,obj-c++,m2 --prefix=/usr --with-gcc-major-version-only --program-suffix=-11 --program-prefix=x86_64-linux-gnu- --enable-shared --enable-linker-build-id --libexecdir=/usr/lib --without-included-gettext --enable-threads=posix --libdir=/usr/lib --enable-nls --enable-bootstrap --enable-clocale=gnu --enable-libstdcxx-debug --enable-libstdcxx-time=yes --with-default-libstdcxx-abi=new --enable-gnu-unique-object --disable-vtable-verify --enable-plugin --enable-default-pie --with-system-zlib --enable-libphobos-checking=release --with-target-system-zlib=auto --enable-objc-gc=auto --enable-multiarch --disable-werror --enable-cet --with-arch-32=i686 --with-abi=m64 --with-multilib-list=m32,m64,mx32 --enable-multilib --with-tune=generic --enable-offload-targets=nvptx-none=/build/gcc-11-XeT9lY/gcc-11-11.4.0/debian/tmp-nvptx/usr,amdgcn-amdhsa=/build/gcc-11-XeT9lY/gcc-11-11.4.0/debian/tmp-gcn/usr --without-cuda-driver --enable-checking=release --build=x86_64-linux-gnu --host=x86_64-linux-gnu --target=x86_64-linux-gnu --with-build-config=bootstrap-lto-lean --enable-link-serialization=2
Thread model: posix
Supported LTO compression algorithms: zlib zstd
gcc version 11.4.0 (Ubuntu 11.4.0-1ubuntu1~22.04) 
COLLECT_GCC_OPTIONS='-fPIC' '-v' '-o' 'CMakeFiles/cmTC_3c9bc.dir/CMakeCCompilerABI.c.o' '-c' '-mtune=generic' '-march=x86-64' '-dumpdir' 'CMakeFiles/cmTC_3c9bc.dir/'
 /usr/lib/gcc/x86_64-linux-gnu/11/cc1 -quiet -v -imultiarch x86_64-linux-gnu /usr/share/cmake-3.22/Modules/CMakeCCompilerABI.c -quiet -dumpdir CMakeFiles/cmTC_3c9bc.dir/ -dumpbase CMakeCCompilerABI.c.c -dumpbase-ext .c -mtune=generic -march=x86-64 -version -fPIC -fasynchronous-unwind-tables -fstack-protector-strong -Wformat -Wformat-security -fstack-clash-protection -fcf-protection -o /tmp/ccVbzdsM.s
GNU C17 (Ubuntu 11.4.0-1ubuntu1~22.04) version 11.4.0 (x86_64-linux-gnu)
	compiled by GNU C version 11.4.0, GMP version 6.2.1, MPFR version 4.1.0, MPC version 1.2.1, isl version isl-0.24-GMP

GGC heuristics: --param ggc-min-expand=100 --param ggc-min-heapsize=131072
ignoring nonexistent directory "/usr/local/include/x86_64-linux-gnu"
ignoring nonexistent directory "/usr/lib/gcc/x86_64-linux-gnu/11/include-fixed"
ignoring nonexistent directory "/usr/lib/gcc/x86_64-linux-gnu/11/../../../../x86_64-linux-gnu/include"
#include "..." search starts here:
#include <...> search starts here:
 /usr/lib/gcc/x86_64-linux-gnu/11/include
 /usr/local/include
 /usr/include/x86_64-linux-gnu
 /usr/include
End of search list.
GNU C17 (Ubuntu 11.4.0-1ubuntu1~22.04) version 11.4.0 (x86_64-linux-gnu)
	compiled by GNU C version 11.4.0, GMP version 6.2.1, MPFR version 4.1.0, MPC version 1.2.1, isl version isl-0.24-GMP

GGC heuristics: --param ggc-min-expand=100 --param ggc-min-heapsize=131072
Compiler executable checksum: 50eaa2331df977b8016186198deb2d18
COLLECT_GCC_OPTIONS='-fPIC' '-v' '-o' 'CMakeFiles/cmTC_3c9bc.dir/CMakeCCompilerABI.c.o' '-c' '-mtune=generic' '-march=x86-64' '-dumpdir' 'CMakeFiles/cmTC_3c9bc.dir/'
 as -v --64 -o CMakeFiles/cmTC_3c9bc.dir/CMakeCCompilerABI.c.o /tmp/ccVbzdsM.s
GNU assembler version 2.38 (x86_64-linux-gnu) using BFD version (GNU Binutils for Ubuntu) 2.38
COMPILER_PATH=/usr/lib/gcc/x86_64-linux-gnu/11/:/usr/lib/gcc/x86_64-linux-gnu/11/:/usr/lib/gcc/x86_64-linux-gnu/:/usr/lib/gcc/x86_64-linux-gnu/11/:/usr/lib/gcc/x86_64-linux-gnu/
LIBRARY_PATH=/usr/lib/gcc/x86_64-linux-gnu/11/:/usr/lib/gcc/x86_64-linux-gnu/11/../../../x86_64-linux-gnu/:/usr/lib/gcc/x86_64-linux-gnu/11/../../../../lib/:/lib/x86_64-linux-gnu/:/lib/../lib/:/usr/lib/x86_64-linux-gnu/:/usr/lib/../lib/:/usr/lib/gcc/x86_64-linux-gnu/11/../../../:/lib/:/usr/lib/
COLLECT_GCC_OPTIONS='-fPIC' '-v' '-o' 'CMakeFiles/cmTC_3c9bc.dir/CMakeCCompilerABI.c.o' '-c' '-mtune=generic' '-march=x86-64' '-dumpdir' 'CMakeFiles/cmTC_3c9bc.dir/CMakeCCompilerABI.c.'
Linking C executable cmTC_3c9bc
/usr/bin/cmake -E cmake_link_script CMakeFiles/cmTC_3c9bc.dir/link.txt --verbose=1
/usr/bin/cc -fPIC   -v -rdynamic CMakeFiles/cmTC_3c9bc.dir/CMakeCCompilerABI.c.o -o cmTC_3c9bc 
Using built-in specs.
COLLECT_GCC=/usr/bin/cc
COLLECT_LTO_WRAPPER=/usr/lib/gcc/x86_64-linux-gnu/11/lto-wrapper
OFFLOAD_TARGET_NAMES=nvptx-none:amdgcn-amdhsa
OFFLOAD_TARGET_DEFAULT=1
Target: x86_64-linux-gnu
Configured with: ../src/configure -v --with-pkgversion='Ubuntu 11.4.0-1ubuntu1~22.04' --with-bugurl=file:///usr/share/doc/gcc-11/README.Bugs --enable-languages=c,ada,c++,go,brig,d,fortran,objc,obj-c++,m2 --prefix=/usr --with-gcc-major-version-only --program-suffix=-11 --program-prefix=x86_64-linux-gnu- --enable-shared --enable-linker-build-id --libexecdir=/usr/lib --without-included-gettext --enable-threads=posix --libdir=/usr/lib --enable-nls --enable-bootstrap --enable-clocale=gnu --enable-libstdcxx-debug --enable-libstdcxx-time=yes --with-default-libstdcxx-abi=new --enable-gnu-unique-object --disable-vtable-verify --enable-plugin --enable-default-pie --with-system-zlib --enable-libphobos-checking=release --with-target-system-zlib=auto --enable-objc-gc=auto --enable-multiarch --disable-werror --enable-cet --with-arch-32=i686 --with-abi=m64 --with-multilib-list=m32,m64,mx32 --enable-multilib --with-tune=generic --enable-offload-targets=nvptx-none=/build/gcc-11-XeT9lY/gcc-11-11.4.0/debian/tmp-nvptx/usr,amdgcn-amdhsa=/build/gcc-11-XeT9lY/gcc-11-11.4.0/debian/tmp-gcn/usr --without-cuda-driver --enable-checking=release --build=x86_64-linux-gnu --host=x86_64-linux-gnu --target=x86_64-linux-gnu --with-build-config=bootstrap-lto-lean --enable-link-serialization=2
Thread model: posix
Supported LTO compression algorithms: zlib zstd
gcc version 11.4.0 (Ubuntu 11.4.0-1ubuntu1~22.04) 
COMPILER_PATH=/usr/lib/gcc/x86_64-linux-gnu/11/:/usr/lib/gcc/x86_64-linux-gnu/11/:/usr/lib/gcc/x86_64-linux-gnu/:/usr/lib/gcc/x86_64-linux-gnu/11/:/usr/lib/gcc/x86_64-linux-gnu/
LIBRARY_PATH=/usr/lib/gcc/x86_64-linux-gnu/11/:/usr/lib/gcc/x86_64-linux-gnu/11/../../../x86_64-linux-gnu/:/usr/lib/gcc/x86_64-linux-gnu/11/../../../../lib/:/lib/x86_64-linux-gnu/:/lib/../lib/:/usr/lib/x86_64-linux-gnu/:/usr/lib/../lib/:/usr/lib/gcc/x86_64-linux-gnu/11/../../../:/lib/:/usr/lib/
COLLECT_GCC_OPTIONS='-fPIC' '-v' '-rdynamic' '-o' 'cmTC_3c9bc' '-mtune=generic' '-march=x86-64' '-dumpdir' 'cmTC_3c9bc.'
 /usr/lib/gcc/x86_64-linux-gnu/11/collect2 -plugin /usr/lib/gcc/x86_64-linux-gnu/11/liblto_plugin.so -plugin-opt=/usr/lib/gcc/x86_64-linux-gnu/11/lto-wrapper -plugin-opt=-fresolution=/tmp/cc92T1Yd.res -plugin-opt=-pass-through=-lgcc -plugin-opt=-pass-through=-lgcc_s -plugin-opt=-pass-through=-lc -plugin-opt=-pass-through=-lgcc -plugin-opt=-pass-through=-lgcc_s --build-id --eh-frame-hdr -m elf_x86_64 --hash-style=gnu --as-needed -export-dynamic -dynamic-linker /lib64/ld-linux-x86-64.so.2 -pie -z now -z relro -o cmTC_3c9bc /usr/lib/gcc/x86_64-linux-gnu/11/../../../x86_64-linux-gnu/Scrt1.o /usr/lib/gcc/x86_64-linux-gnu/11/../../../x86_64-linux-gnu/crti.o /usr/lib/gcc/x86_64-linux-gnu/11/crtbeginS.o -L/usr/lib/gcc/x86_64-linux-gnu/11 -L/usr/lib/gcc/x86_64-linux-gnu/11/../../../x86_64-linux-gnu -L/usr/lib/gcc/x86_64-linux-gnu/11/../../../../lib -L/lib/x86_64-linux-gnu -L/lib/../lib -L/usr/lib/x86_64-linux-gnu -L/usr/lib/../lib -L/usr/lib/gcc/x86_64-linux-gnu/11/../../.. CMakeFiles/cmTC_3c9bc.dir/CMakeCCompilerABI.c.o -lgcc --push-state --as-needed -lgcc_s --pop-state -lc -lgcc --push-state --as-needed -lgcc_s --pop-state /usr/lib/gcc/x86_64-linux-gnu/11/crtendS.o /usr/lib/gcc/x86_64-linux-gnu/11/../../../x86_64-linux-gnu/crtn.o
COLLECT_GCC_OPTIONS='-fPIC' '-v' '-rdynamic' '-o' 'cmTC_3c9bc' '-mtune=generic' '-march=x86-64' '-dumpdir' 'cmTC_3c9bc.'
gmake[4]: Leaving directory '/home/fyou/Documents/todo/ur-rpc-super/pkg_src/deps/cjson/CMakeFiles/CMakeTmp'
gmake[3]: Leaving directory '/home/fyou/Documents/todo/ur-rpc-super/pkg_src/deps/cjson/CMakeFiles/CMakeTmp'



Parsed C implicit include dir info from above output: rv=done
  found start of include info
  found start of implicit include info
    add: [/usr/lib/gcc/x86_64-linux-gnu/11/include]
    add: [/usr/local/include]
    add: [/usr/include/x86_64-linux-gnu]
    add: [/usr/include]
  end of search list found
  collapse include dir [/usr/lib/gcc/x86_64-linux-gnu/11/include] ==> [/usr/lib/gcc/x86_64-linux-gnu/11/include]
  collapse include dir [/usr/local/include] ==> [/usr/local/include]
  collapse include dir [/usr/include/x86_64-linux-gnu] ==> [/usr/include/x86_64-linux-gnu]
  collapse include dir [/usr/include] ==> [/usr/include]
  implicit include dirs: [/usr/lib/gcc/x86_64-linux-gnu/11/include;/usr/local/include;/usr/include/x86_64-linux-gnu;/usr/include]


Parsed C implicit link information from above output:
  link line regex: [^( *|.*[/\])(ld|CMAKE_LINK_STARTFILE-NOTFOUND|([^/\]+-)?ld|collect2)[^/\]*( |$)]
  ignore line: [Change Dir: /home/fyou/Documents/todo/ur-rpc-super/pkg_src/deps/cjson/CMakeFiles/CMakeTmp]
  ignore line: []
  ignore line: [Run Build Command(s):/usr/bin/gmake -f Makefile cmTC_3c9bc/fast && gmake[3]: Entering directory '/home/fyou/Documents/todo/ur-rpc-super/pkg_src/deps/cjson/CMakeFiles/CMakeTmp']
  ignore line: [/usr/bin/gmake  -f CMakeFiles/cmTC_3c9bc.dir/build.make CMakeFiles/cmTC_3c9bc.dir/build]
  ignore line: [gmake[4]: Entering directory '/home/fyou/Documents/todo/ur-rpc-super/pkg_src/deps/cjson/CMakeFiles/CMakeTmp']
  ignore line: [Building C object CMakeFiles/cmTC_3c9bc.dir/CMakeCCompilerABI.c.o]
  ignore line: [/usr/bin/cc   -fPIC    -v -o CMakeFiles/cmTC_3c9bc.dir/CMakeCCompilerABI.c.o -c /usr/share/cmake-3.22/Modules/CMakeCCompilerABI.c]
  ignore line: [Using built-in specs.]
  ignore line: [COLLECT_GCC=/usr/bin/cc]
  ignore line: [OFFLOAD_TARGET_NAMES=nvptx-none:amdgcn-amdhsa]
  ignore line: [OFFLOAD_TARGET_DEFAULT=1]
  ignore line: [Target: x86_64-linux-gnu]
  ignore line: [Configured with: ../src/configure -v --with-pkgversion='Ubuntu 11.4.0-1ubuntu1~22.04' --with-bugurl=file:///usr/share/doc/gcc-11/README.Bugs --enable-languages=c ada c++ go brig d fortran objc obj-c++ m2 --prefix=/usr --with-gcc-major-version-only --program-suffix=-11 --program-prefix=x86_64-linux-gnu- --enable-shared --enable-linker-build-id --libexecdir=/usr/lib --without-included-gettext --enable-threads=posix --libdir=/usr/lib --enable-nls --enable-bootstrap --enable-clocale=gnu --enable-libstdcxx-debug --enable-libstdcxx-time=yes --with-default-libstdcxx-abi=new --enable-gnu-unique-object --disable-vtable-verify --enable-plugin --enable-default-pie --with-system-zlib --enable-libphobos-checking=release --with-target-system-zlib=auto --enable-objc-gc=auto --enable-multiarch --disable-werror --enable-cet --with-arch-32=i686 --with-abi=m64 --with-multilib-list=m32 m64 mx32 --enable-multilib --with-tune=generic --enable-offload-targets=nvptx-none=/build/gcc-11-XeT9lY/gcc-11-11.4.0/debian/tmp-nvptx/usr amdgcn-amdhsa=/build/gcc-11-XeT9lY/gcc-11-11.4.0/debian/tmp-gcn/usr --without-cuda-driver --enable-checking=release --build=x86_64-linux-gnu --host=x86_64-linux-gnu --target=x86_64-linux-gnu --with-build-config=bootstrap-lto-lean --enable-link-serialization=2]
  ignore line: [Thread model: posix]
  ignore line: [Supported LTO compression algorithms: zlib zstd]
  ignore line: [gcc version 11.4.0 (Ubuntu 11.4.0-1ubuntu1~22.04) ]
  ignore line: [COLLECT_GCC_OPTIONS='-fPIC' '-v' '-o' 'CMakeFiles/cmTC_3c9bc.dir/CMakeCCompilerABI.c.o' '-c' '-mtune=generic' '-march=x86-64' '-dumpdir' 'CMakeFiles/cmTC_3c9bc.dir/']
  ignore line: [ /usr/lib/gcc/x86_64-linux-gnu/11/cc1 -quiet -v -imultiarch x86_64-linux-gnu /usr/share/cmake-3.22/Modules/CMakeCCompilerABI.c -quiet -dumpdir CMakeFiles/cmTC_3c9bc.dir/ -dumpbase CMakeCCompilerABI.c.c -dumpbase-ext .c -mtune=generic -march=x86-64 -version -fPIC -fasynchronous-unwind-tables -fstack-protector-strong -Wformat -Wformat-security -fstack-clash-protection -fcf-protection -o /tmp/ccVbzdsM.s]
  ignore line: [GNU C17 (Ubuntu 11.4.0-1ubuntu1~22.04) version 11.4.0 (x86_64-linux-gnu)]
  ignore line: [	compiled by GNU C version 11.4.0  GMP version 6.2.1  MPFR version 4.1.0  MPC version 1.2.1  isl version isl-0.24-GMP]
  ignore line: []
  ignore line: [GGC heuristics: --param ggc-min-expand=100 --param ggc-min-heapsize=131072]
  ignore line: [ignoring nonexistent directory "/usr/local/include/x86_64-linux-gnu"]
  ignore line: [ignoring nonexistent directory "/usr/lib/gcc/x86_64-linux-gnu/11/include-fixed"]
  ignore line: [ignoring nonexistent directory "/usr/lib/gcc/x86_64-linux-gnu/11/../../../../x86_64-linux-gnu/include"]
  ignore line: [#include "..." search starts here:]
  ignore line: [#include <...> search starts here:]
  ignore line: [ /usr/lib/gcc/x86_64-linux-gnu/11/include]
  ignore line: [ /usr/local/include]
  ignore line: [ /usr/include/x86_64-linux-gnu]
  ignore line: [ /usr/include]
  ignore line: [End of search list.]
  ignore line: [GNU C17 (Ubuntu 11.4.0-1ubuntu1~22.04) version 11.4.0 (x86_64-linux-gnu)]
  ignore line: [	compiled by GNU C version 11.4.0  GMP version 6.2.1  MPFR version 4.1.0  MPC version 1.2.1  isl version isl-0.24-GMP]
  ignore line: []
  ignore line: [GGC heuristics: --param ggc-min-expand=100 --param ggc-min-heapsize=131072]
  ignore line: [Compiler executable checksum: 50eaa2331df977b8016186198deb2d18]
  ignore line: [COLLECT_GCC_OPTIONS='-fPIC' '-v' '-o' 'CMakeFiles/cmTC_3c9bc.dir/CMakeCCompilerABI.c.o' '-c' '-mtune=generic' '-march=x86-64' '-dumpdir' 'CMakeFiles/cmTC_3c9bc.dir/']
  ignore line: [ as -v --64 -o CMakeFiles/cmTC_3c9bc.dir/CMakeCCompilerABI.c.o /tmp/ccVbzdsM.s]
  ignore line: [GNU assembler version 2.38 (x86_64-linux-gnu) using BFD version (GNU Binutils for Ubuntu) 2.38]
  ignore line: [COMPILER_PATH=/usr/lib/gcc/x86_64-linux-gnu/11/:/usr/lib/gcc/x86_64-linux-gnu/11/:/usr/lib/gcc/x86_64-linux-gnu/:/usr/lib/gcc/x86_64-linux-gnu/11/:/usr/lib/gcc/x86_64-linux-gnu/]
  ignore line: [LIBRARY_PATH=/usr/lib/gcc/x86_64-linux-gnu/11/:/usr/lib/gcc/x86_64-linux-gnu/11/../../../x86_64-linux-gnu/:/usr/lib/gcc/x86_64-linux-gnu/11/../../../../lib/:/lib/x86_64-linux-gnu/:/lib/../lib/:/usr/lib/x86_64-linux-gnu/:/usr/lib/../lib/:/usr/lib/gcc/x86_64-linux-gnu/11/../../../:/lib/:/usr/lib/]
  ignore line: [COLLECT_GCC_OPTIONS='-fPIC' '-v' '-o' 'CMakeFiles/cmTC_3c9bc.dir/CMakeCCompilerABI.c.o' '-c' '-mtune=generic' '-march=x86-64' '-dumpdir' 'CMakeFiles/cmTC_3c9bc.dir/CMakeCCompilerABI.c.']
  ignore line: [Linking C executable cmTC_3c9bc]
  ignore line: [/usr/bin/cmake -E cmake_link_script CMakeFiles/cmTC_3c9bc.dir/link.txt --verbose=1]
  ignore line: [/usr/bin/cc -fPIC   -v -rdynamic CMakeFiles/cmTC_3c9bc.dir/CMakeCCompilerABI.c.o -o cmTC_3c9bc ]
  ignore line: [Using built-in specs.]
  ignore line: [COLLECT_GCC=/usr/bin/cc]
  ignore line: [COLLECT_LTO_WRAPPER=/usr/lib/gcc/x86_64-linux-gnu/11/lto-wrapper]
  ignore line: [OFFLOAD_TARGET_NAMES=nvptx-none:amdgcn-amdhsa]
  ignore line: [OFFLOAD_TARGET_DEFAULT=1]
  ignore line: [Target: x86_64-linux-gnu]
  ignore line: [Configured with: ../src/configure -v --with-pkgversion='Ubuntu 11.4.0-1ubuntu1~22.04' --with-bugurl=file:///usr/share/doc/gcc-11/README.Bugs --enable-languages=c ada c++ go brig d fortran objc obj-c++ m2 --prefix=/usr --with-gcc-major-version-only --program-suffix=-11 --program-prefix=x86_64-linux-gnu- --enable-shared --enable-linker-build-id --libexecdir=/usr/lib --without-included-gettext --enable-threads=posix --libdir=/usr/lib --enable-nls --enable-bootstrap --enable-clocale=gnu --enable-libstdcxx-debug --enable-libstdcxx-time=yes --with-default-libstdcxx-abi=new --enable-gnu-unique-object --disable-vtable-verify --enable-plugin --enable-default-pie --with-system-zlib --enable-libphobos-checking=release --with-target-system-zlib=auto --enable-objc-gc=auto --enable-multiarch --disable-werror --enable-cet --with-arch-32=i686 --with-abi=m64 --with-multilib-list=m32 m64 mx32 --enable-multilib --with-tune=generic --enable-offload-targets=nvptx-none=/build/gcc-11-XeT9lY/gcc-11-11.4.0/debian/tmp-nvptx/usr amdgcn-amdhsa=/build/gcc-11-XeT9lY/gcc-11-11.4.0/debian/tmp-gcn/usr --without-cuda-driver --enable-checking=release --build=x86_64-linux-gnu --host=x86_64-linux-gnu --target=x86_64-linux-gnu --with-build-config=bootstrap-lto-lean --enable-link-serialization=2]
  ignore line: [Thread model: posix]
  ignore line: [Supported LTO compression algorithms: zlib zstd]
  ignore line: [gcc version 11.4.0 (Ubuntu 11.4.0-1ubuntu1~22.04) ]
  ignore line: [COMPILER_PATH=/usr/lib/gcc/x86_64-linux-gnu/11/:/usr/lib/gcc/x86_64-linux-gnu/11/:/usr/lib/gcc/x86_64-linux-gnu/:/usr/lib/gcc/x86_64-linux-gnu/11/:/usr/lib/gcc/x86_64-linux-gnu/]
  ignore line: [LIBRARY_PATH=/usr/lib/gcc/x86_64-linux-gnu/11/:/usr/lib/gcc/x86_64-linux-gnu/11/../../../x86_64-linux-gnu/:/usr/lib/gcc/x86_64-linux-gnu/11/../../../../lib/:/lib/x86_64-linux-gnu/:/lib/../lib/:/usr/lib/x86_64-linux-gnu/:/usr/lib/../lib/:/usr/lib/gcc/x86_64-linux-gnu/11/../../../:/lib/:/usr/lib/]
  ignore line: [COLLECT_GCC_OPTIONS='-fPIC' '-v' '-rdynamic' '-o' 'cmTC_3c9bc' '-mtune=generic' '-march=x86-64' '-dumpdir' 'cmTC_3c9bc.']
  link line: [ /usr/lib/gcc/x86_64-linux-gnu/11/collect2 -plugin /usr/lib/gcc/x86_64-linux-gnu/11/liblto_plugin.so -plugin-opt=/usr/lib/gcc/x86_64-linux-gnu/11/lto-wrapper -plugin-opt=-fresolution=/tmp/cc92T1Yd.res -plugin-opt=-pass-through=-lgcc -plugin-opt=-pass-through=-lgcc_s -plugin-opt=-pass-through=-lc -plugin-opt=-pass-through=-lgcc -plugin-opt=-pass-through=-lgcc_s --build-id --eh-frame-hdr -m elf_x86_64 --hash-style=gnu --as-needed -export-dynamic -dynamic-linker /lib64/ld-linux-x86-64.so.2 -pie -z now -z relro -o cmTC_3c9bc /usr/lib/gcc/x86_64-linux-gnu/11/../../../x86_64-linux-gnu/Scrt1.o /usr/lib/gcc/x86_64-linux-gnu/11/../../../x86_64-linux-gnu/crti.o /usr/lib/gcc/x86_64-linux-gnu/11/crtbeginS.o -L/usr/lib/gcc/x86_64-linux-gnu/11 -L/usr/lib/gcc/x86_64-linux-gnu/11/../../../x86_64-linux-gnu -L/usr/lib/gcc/x86_64-linux-gnu/11/../../../../lib -L/lib/x86_64-linux-gnu -L/lib/../lib -L/usr/lib/x86_64-linux-gnu -L/usr/lib/../lib -L/usr/lib/gcc/x86_64-linux-gnu/11/../../.. CMakeFiles/cmTC_3c9bc.dir/CMakeCCompilerABI.c.o -lgcc --push-state --as-needed -lgcc_s --pop-state -lc -lgcc --push-state --as-needed -lgcc_s --pop-state /usr/lib/gcc/x86_64-linux-gnu/11/crtendS.o /usr/lib/gcc/x86_64-linux-gnu/11/../../../x86_64-linux-gnu/crtn.o]
    arg [/usr/lib/gcc/x86_64-linux-gnu/11/collect2] ==> ignore
    arg [-plugin] ==> ignore
    arg [/usr/lib/gcc/x86_64-linux-gnu/11/liblto_plugin.so] ==> ignore
    arg [-plugin-opt=/usr/lib/gcc/x86_64-linux-gnu/11/lto-wrapper] ==> ignore
    arg [-plugin-opt=-fresolution=/tmp/cc92T1Yd.res] ==> ignore
    arg [-plugin-opt=-pass-through=-lgcc] ==> ignore
    arg [-plugin-opt=-pass-through=-lgcc_s] ==> ignore
    arg [-plugin-opt=-pass-through=-lc] ==> ignore
    arg [-plugin-opt=-pass-through=-lgcc] ==> ignore
    arg [-plugin-opt=-pass-through=-lgcc_s] ==> ignore
    arg [--build-id] ==> ignore
    arg [--eh-frame-hdr] ==> ignore
    arg [-m] ==> ignore
    arg [elf_x86_64] ==> ignore
    arg [--hash-style=gnu] ==> ignore
    arg [--as-needed] ==> ignore
    arg [-export-dynamic] ==> ignore
    arg [-dynamic-linker] ==> ignore
    arg [/lib64/ld-linux-x86-64.so.2] ==> ignore
    arg [-pie] ==> ignore
    arg [-znow] ==> ignore
    arg [-zrelro] ==> ignore
    arg [-o] ==> ignore
    arg [cmTC_3c9bc] ==> ignore
    arg [/usr/lib/gcc/x86_64-linux-gnu/11/../../../x86_64-linux-gnu/Scrt1.o] ==> obj [/usr/lib/gcc/x86_64-linux-gnu/11/../../../x86_64-linux-gnu/Scrt1.o]
    arg [/usr/lib/gcc/x86_64-linux-gnu/11/../../../x86_64-linux-gnu/crti.o] ==> obj [/usr/lib/gcc/x86_64-linux-gnu/11/../../../x86_64-linux-gnu/crti.o]
    arg [/usr/lib/gcc/x86_64-linux-gnu/11/crtbeginS.o] ==> obj [/usr/lib/gcc/x86_64-linux-gnu/11/crtbeginS.o]
    arg [-L/usr/lib/gcc/x86_64-linux-gnu/11] ==> dir [/usr/lib/gcc/x86_64-linux-gnu/11]
    arg [-L/usr/lib/gcc/x86_64-linux-gnu/11/../../../x86_64-linux-gnu] ==> dir [/usr/lib/gcc/x86_64-linux-gnu/11/../../../x86_64-linux-gnu]
    arg [-L/usr/lib/gcc/x86_64-linux-gnu/11/../../../../lib] ==> dir [/usr/lib/gcc/x86_64-linux-gnu/11/../../../../lib]
    arg [-L/lib/x86_64-linux-gnu] ==> dir [/lib/x86_64-linux-gnu]
    arg [-L/lib/../lib] ==> dir [/lib/../lib]
    arg [-L/usr/lib/x86_64-linux-gnu] ==> dir [/usr/lib/x86_64-linux-gnu]
    arg [-L/usr/lib/../lib] ==> dir [/usr/lib/../lib]
    arg [-L/usr/lib/gcc/x86_64-linux-gnu/11/../../..] ==> dir [/usr/lib/gcc/x86_64-linux-gnu/11/../../..]
    arg [CMakeFiles/cmTC_3c9bc.dir/CMakeCCompilerABI.c.o] ==> ignore
    arg [-lgcc] ==> lib [gcc]
    arg [--push-state] ==> ignore
    arg [--as-needed] ==> ignore
    arg [-lgcc_s] ==> lib [gcc_s]
    arg [--pop-state] ==> ignore
    arg [-lc] ==> lib [c]
    arg [-lgcc] ==> lib [gcc]
    arg [--push-state] ==> ignore
    arg [--as-needed] ==> ignore
    arg [-lgcc_s] ==> lib [gcc_s]
    arg [--pop-state] ==> ignore
    arg [/usr/lib/gcc/x86_64-linux-gnu/11/crtendS.o] ==> obj [/usr/lib/gcc/x86_64-linux-gnu/11/crtendS.o]
    arg [/usr/lib/gcc/x86_64-linux-gnu/11/../../../x86_64-linux-gnu/crtn.o] ==> obj [/usr/lib/gcc/x86_64-linux-gnu/11/../../../x86_64-linux-gnu/crtn.o]
  collapse obj [/usr/lib/gcc/x86_64-linux-gnu/11/../../../x86_64-linux-gnu/Scrt1.o] ==> [/usr/lib/x86_64-linux-gnu/Scrt1.o]
  collapse obj [/usr/lib/gcc/x86_64-linux-gnu/11/../../../x86_64-linux-gnu/crti.o] ==> [/usr/lib/x86_64-linux-gnu/crti.o]
  collapse obj [/usr/lib/gcc/x86_64-linux-gnu/11/../../../x86_64-linux-gnu/crtn.o] ==> [/usr/lib/x86_64-linux-gnu/crtn.o]
  collapse library dir [/usr/lib/gcc/x86_64-linux-gnu/11] ==> [/usr/lib/gcc/x86_64-linux-gnu/11]
  collapse library dir [/usr/lib/gcc/x86_64-linux-gnu/11/../../../x86_64-linux-gnu] ==> [/usr/lib/x86_64-linux-gnu]
  collapse library dir [/usr/lib/gcc/x86_64-linux-gnu/11/../../../../lib] ==> [/usr/lib]
  collapse library dir [/lib/x86_64-linux-gnu] ==> [/lib/x86_64-linux-gnu]
  collapse library dir [/lib/../lib] ==> [/lib]
  collapse library dir [/usr/lib/x86_64-linux-gnu] ==> [/usr/lib/x86_64-linux-gnu]
  collapse library dir [/usr/lib/../lib] ==> [/usr/lib]
  collapse library dir [/usr/lib/gcc/x86_64-linux-gnu/11/../../..] ==> [/usr/lib]
  implicit libs: [gcc;gcc_s;c;gcc;gcc_s]
  implicit objs: [/usr/lib/x86_64-linux-gnu/Scrt1.o;/usr/lib/x86_64-linux-gnu/crti.o;/usr/lib/gcc/x86_64-linux-gnu/11/crtbeginS.o;/usr/lib/gcc/x86_64-linux-gnu/11/crtendS.o;/usr/lib/x86_64-linux-gnu/crtn.o]
  implicit dirs: [/usr/lib/gcc/x86_64-linux-gnu/11;/usr/lib/x86_64-linux-gnu;/usr/lib;/lib/x86_64-linux-gnu;/lib]
  implicit fwks: []


Performing C SOURCE FILE Test FLAG_SUPPORTED_stdc89 succeeded with the following output:
Change Dir: /home/fyou/Documents/todo/ur-rpc-super/pkg_src/deps/cjson/CMakeFiles/CMakeTmp

Run Build Command(s):/usr/bin/gmake -f Makefile cmTC_49f0b/fast && gmake[3]: Entering directory '/home/fyou/Documents/todo/ur-rpc-super/pkg_src/deps/cjson/CMakeFiles/CMakeTmp'
/usr/bin/gmake  -f CMakeFiles/cmTC_49f0b.dir/build.make CMakeFiles/cmTC_49f0b.dir/build
gmake[4]: Entering directory '/home/fyou/Documents/todo/ur-rpc-super/pkg_src/deps/cjson/CMakeFiles/CMakeTmp'
Building C object CMakeFiles/cmTC_49f0b.dir/src.c.o
/usr/bin/cc -DFLAG_SUPPORTED_stdc89  -fPIC    -std=c89 -o CMakeFiles/cmTC_49f0b.dir/src.c.o -c /home/fyou/Documents/todo/ur-rpc-super/pkg_src/deps/cjson/CMakeFiles/CMakeTmp/src.c
Linking C executable cmTC_49f0b
/usr/bin/cmake -E cmake_link_script CMakeFiles/cmTC_49f0b.dir/link.txt --verbose=1
/usr/bin/cc -fPIC  -rdynamic CMakeFiles/cmTC_49f0b.dir/src.c.o -o cmTC_49f0b 
gmake[4]: Leaving directory '/home/fyou/Documents/todo/ur-rpc-super/pkg_src/deps/cjson/CMakeFiles/CMakeTmp'
gmake[3]: Leaving directory '/home/fyou/Documents/todo/ur-rpc-super/pkg_src/deps/cjson/CMakeFiles/CMakeTmp'


Source file was:
int main(void) { return 0; }
Performing C SOURCE FILE Test FLAG_SUPPORTED_pedantic succeeded with the following output:
Change Dir: /home/fyou/Documents/todo/ur-rpc-super/pkg_src/deps/cjson/CMakeFiles/CMakeTmp

Run Build Command(s):/usr/bin/gmake -f Makefile cmTC_8544e/fast && gmake[3]: Entering directory '/home/fyou/Documents/todo/ur-rpc-super/pkg_src/deps/cjson/CMakeFiles/CMakeTmp'
/usr/bin/gmake  -f CMakeFiles/cmTC_8544e.dir/build.make CMakeFiles/cmTC_8544e.dir/build
gmake[4]: Entering directory '/home/fyou/Documents/todo/ur-rpc-super/pkg_src/deps/cjson/CMakeFiles/CMakeTmp'
Building C object CMakeFiles/cmTC_8544e.dir/src.c.o
/usr/bin/cc -DFLAG_SUPPORTED_pedantic  -fPIC -std=c89    -pedantic -o CMakeFiles/cmTC_8544e.dir/src.c.o -c /home/fyou/Documents/todo/ur-rpc-super/pkg_src/deps/cjson/CMakeFiles/CMakeTmp/src.c
Linking C executable cmTC_8544e
/usr/bin/cmake -E cmake_link_script CMakeFiles/cmTC_8544e.dir/link.txt --verbose=1
/usr/bin/cc -fPIC -std=c89  -rdynamic CMakeFiles/cmTC_8544e.dir/src.c.o -o cmTC_8544e 
gmake[4]: Leaving directory '/home/fyou/Documents/todo/ur-rpc-super/pkg_src/deps/cjson/CMakeFiles/CMakeTmp'
gmake[3]: Leaving directory '/home/fyou/Documents/todo/ur-rpc-super/pkg_src/deps/cjson/CMakeFiles/CMakeTmp'


Source file was:
int main(void) { return 0; }
Performing C SOURCE FILE Test FLAG_SUPPORTED_Wall succeeded with the following output:
Change Dir: /home/fyou/Documents/todo/ur-rpc-super/pkg_src/deps/cjson/CMakeFiles/CMakeTmp

Run Build Command(s):/usr/bin/gmake -f Makefile cmTC_e5ed5/fast && gmake[3]: Entering directory '/home/fyou/Documents/todo/ur-rpc-super/pkg_src/deps/cjson/CMakeFiles/CMakeTmp'
/usr/bin/gmake  -f CMakeFiles/cmTC_e5ed5.dir/build.make CMakeFiles/cmTC_e5ed5.dir/build
gmake[4]: Entering directory '/home/fyou/Documents/todo/ur-rpc-super/pkg_src/deps/cjson/CMakeFiles/CMakeTmp'
Building C object CMakeFiles/cmTC_e5ed5.dir/src.c.o
/usr/bin/cc -DFLAG_SUPPORTED_Wall  -fPIC -std=c89 -pedantic    -Wall -o CMakeFiles/cmTC_e5ed5.dir/src.c.o -c /home/fyou/Documents/todo/ur-rpc-super/pkg_src/deps/cjson/CMakeFiles/CMakeTmp/src.c
Linking C executable cmTC_e5ed5
/usr/bin/cmake -E cmake_link_script CMakeFiles/cmTC_e5ed5.dir/link.txt --verbose=1
/usr/bin/cc -fPIC -std=c89 -pedantic  -rdynamic CMakeFiles/cmTC_e5ed5.dir/src.c.o -o cmTC_e5ed5 
gmake[4]: Leaving directory '/home/fyou/Documents/todo/ur-rpc-super/pkg_src/deps/cjson/CMakeFiles/CMakeTmp'
gmake[3]: Leaving directory '/home/fyou/Documents/todo/ur-rpc-super/pkg_src/deps/cjson/CMakeFiles/CMakeTmp'


Source file was:
int main(void) { return 0; }
Performing C SOURCE FILE Test FLAG_SUPPORTED_Wextra succeeded with the following output:
Change Dir: /home/fyou/Documents/todo/ur-rpc-super/pkg_src/deps/cjson/CMakeFiles/CMakeTmp

Run Build Command(s):/usr/bin/gmake -f Makefile cmTC_425b7/fast && gmake[3]: Entering directory '/home/fyou/Documents/todo/ur-rpc-super/pkg_src/deps/cjson/CMakeFiles/CMakeTmp'
/usr/bin/gmake  -f CMakeFiles/cmTC_425b7.dir/build.make CMakeFiles/cmTC_425b7.dir/build
gmake[4]: Entering directory '/home/fyou/Documents/todo/ur-rpc-super/pkg_src/deps/cjson/CMakeFiles/CMakeTmp'
Building C object CMakeFiles/cmTC_425b7.dir/src.c.o
/usr/bin/cc -DFLAG_SUPPORTED_Wextra  -fPIC -std=c89 -pedantic -Wall    -Wextra -o CMakeFiles/cmTC_425b7.dir/src.c.o -c /home/fyou/Documents/todo/ur-rpc-super/pkg_src/deps/cjson/CMakeFiles/CMakeTmp/src.c
Linking C executable cmTC_425b7
/usr/bin/cmake -E cmake_link_script CMakeFiles/cmTC_425b7.dir/link.txt --verbose=1
/usr/bin/cc -fPIC -std=c89 -pedantic -Wall  -rdynamic CMakeFiles/cmTC_425b7.dir/src.c.o -o cmTC_425b7 
gmake[4]: Leaving directory '/home/fyou/Documents/todo/ur-rpc-super/pkg_src/deps/cjson/CMakeFiles/CMakeTmp'
gmake[3]: Leaving directory '/home/fyou/Documents/todo/ur-rpc-super/pkg_src/deps/cjson/CMakeFiles/CMakeTmp'


Source file was:
int main(void) { return 0; }
Performing C SOURCE FILE Test FLAG_SUPPORTED_Werror succeeded with the following output:
Change Dir: /home/fyou/Documents/todo/ur-rpc-super/pkg_src/deps/cjson/CMakeFiles/CMakeTmp

Run Build Command(s):/usr/bin/gmake -f Makefile cmTC_082be/fast && gmake[3]: Entering directory '/home/fyou/Documents/todo/ur-rpc-super/pkg_src/deps/cjson/CMakeFiles/CMakeTmp'
/usr/bin/gmake  -f CMakeFiles/cmTC_082be.dir/build.make CMakeFiles/cmTC_082be.dir/build
gmake[4]: Entering directory '/home/fyou/Documents/todo/ur-rpc-super/pkg_src/deps/cjson/CMakeFiles/CMakeTmp'
Building C object CMakeFiles/cmTC_082be.dir/src.c.o
/usr/bin/cc -DFLAG_SUPPORTED_Werror  -fPIC -std=c89 -pedantic -Wall -Wextra    -Werror -o CMakeFiles/cmTC_082be.dir/src.c.o -c /home/fyou/Documents/todo/ur-rpc-super/pkg_src/deps/cjson/CMakeFiles/CMakeTmp/src.c
Linking C executable cmTC_082be
/usr/bin/cmake -E cmake_link_script CMakeFiles/cmTC_082be.dir/link.txt --verbose=1
/usr/bin/cc -fPIC -std=c89 -pedantic -Wall -Wextra  -rdynamic CMakeFiles/cmTC_082be.dir/src.c.o -o cmTC_082be 
gmake[4]: Leaving directory '/home/fyou/Documents/todo/ur-rpc-super/pkg_src/deps/cjson/CMakeFiles/CMakeTmp'
gmake[3]: Leaving directory '/home/fyou/Documents/todo/ur-rpc-super/pkg_src/deps/cjson/CMakeFiles/CMakeTmp'


Source file was:
int main(void) { return 0; }
Performing C SOURCE FILE Test FLAG_SUPPORTED_Wstrictprototypes succeeded with the following output:
Change Dir: /home/fyou/Documents/todo/ur-rpc-super/pkg_src/deps/cjson/CMakeFiles/CMakeTmp

Run Build Command(s):/usr/bin/gmake -f Makefile cmTC_ada67/fast && gmake[3]: Entering directory '/home/fyou/Documents/todo/ur-rpc-super/pkg_src/deps/cjson/CMakeFiles/CMakeTmp'
/usr/bin/gmake  -f CMakeFiles/cmTC_ada67.dir/build.make CMakeFiles/cmTC_ada67.dir/build
gmake[4]: Entering directory '/home/fyou/Documents/todo/ur-rpc-super/pkg_src/deps/cjson/CMakeFiles/CMakeTmp'
Building C object CMakeFiles/cmTC_ada67.dir/src.c.o
/usr/bin/cc -DFLAG_SUPPORTED_Wstrictprototypes  -fPIC -std=c89 -pedantic -Wall -Wextra -Werror    -Wstrict-prototypes -o CMakeFiles/cmTC_ada67.dir/src.c.o -c /home/fyou/Documents/todo/ur-rpc-super/pkg_src/deps/cjson/CMakeFiles/CMakeTmp/src.c
Linking C executable cmTC_ada67
/usr/bin/cmake -E cmake_link_script CMakeFiles/cmTC_ada67.dir/link.txt --verbose=1
/usr/bin/cc -fPIC -std=c89 -pedantic -Wall -Wextra -Werror  -rdynamic CMakeFiles/cmTC_ada67.dir/src.c.o -o cmTC_ada67 
gmake[4]: Leaving directory '/home/fyou/Documents/todo/ur-rpc-super/pkg_src/deps/cjson/CMakeFiles/CMakeTmp'
gmake[3]: Leaving directory '/home/fyou/Documents/todo/ur-rpc-super/pkg_src/deps/cjson/CMakeFiles/CMakeTmp'


Source file was:
int main(void) { return 0; }
Performing C SOURCE FILE Test FLAG_SUPPORTED_Wwritestrings succeeded with the following output:
Change Dir: /home/fyou/Documents/todo/ur-rpc-super/pkg_src/deps/cjson/CMakeFiles/CMakeTmp

Run Build Command(s):/usr/bin/gmake -f Makefile cmTC_0c7de/fast && gmake[3]: Entering directory '/home/fyou/Documents/todo/ur-rpc-super/pkg_src/deps/cjson/CMakeFiles/CMakeTmp'
/usr/bin/gmake  -f CMakeFiles/cmTC_0c7de.dir/build.make CMakeFiles/cmTC_0c7de.dir/build
gmake[4]: Entering directory '/home/fyou/Documents/todo/ur-rpc-super/pkg_src/deps/cjson/CMakeFiles/CMakeTmp'
Building C object CMakeFiles/cmTC_0c7de.dir/src.c.o
/usr/bin/cc -DFLAG_SUPPORTED_Wwritestrings  -fPIC -std=c89 -pedantic -Wall -Wextra -Werror -Wstrict-prototypes    -Wwrite-strings -o CMakeFiles/cmTC_0c7de.dir/src.c.o -c /home/fyou/Documents/todo/ur-rpc-super/pkg_src/deps/cjson/CMakeFiles/CMakeTmp/src.c
Linking C executable cmTC_0c7de
/usr/bin/cmake -E cmake_link_script CMakeFiles/cmTC_0c7de.dir/link.txt --verbose=1
/usr/bin/cc -fPIC -std=c89 -pedantic -Wall -Wextra -Werror -Wstrict-prototypes  -rdynamic CMakeFiles/cmTC_0c7de.dir/src.c.o -o cmTC_0c7de 
gmake[4]: Leaving directory '/home/fyou/Documents/todo/ur-rpc-super/pkg_src/deps/cjson/CMakeFiles/CMakeTmp'
gmake[3]: Leaving directory '/home/fyou/Documents/todo/ur-rpc-super/pkg_src/deps/cjson/CMakeFiles/CMakeTmp'


Source file was:
int main(void) { return 0; }
Performing C SOURCE FILE Test FLAG_SUPPORTED_Wshadow succeeded with the following output:
Change Dir: /home/fyou/Documents/todo/ur-rpc-super/pkg_src/deps/cjson/CMakeFiles/CMakeTmp

Run Build Command(s):/usr/bin/gmake -f Makefile cmTC_5b5d3/fast && gmake[3]: Entering directory '/home/fyou/Documents/todo/ur-rpc-super/pkg_src/deps/cjson/CMakeFiles/CMakeTmp'
/usr/bin/gmake  -f CMakeFiles/cmTC_5b5d3.dir/build.make CMakeFiles/cmTC_5b5d3.dir/build
gmake[4]: Entering directory '/home/fyou/Documents/todo/ur-rpc-super/pkg_src/deps/cjson/CMakeFiles/CMakeTmp'
Building C object CMakeFiles/cmTC_5b5d3.dir/src.c.o
/usr/bin/cc -DFLAG_SUPPORTED_Wshadow  -fPIC -std=c89 -pedantic -Wall -Wextra -Werror -Wstrict-prototypes -Wwrite-strings    -Wshadow -o CMakeFiles/cmTC_5b5d3.dir/src.c.o -c /home/fyou/Documents/todo/ur-rpc-super/pkg_src/deps/cjson/CMakeFiles/CMakeTmp/src.c
Linking C executable cmTC_5b5d3
/usr/bin/cmake -E cmake_link_script CMakeFiles/cmTC_5b5d3.dir/link.txt --verbose=1
/usr/bin/cc -fPIC -std=c89 -pedantic -Wall -Wextra -Werror -Wstrict-prototypes -Wwrite-strings  -rdynamic CMakeFiles/cmTC_5b5d3.dir/src.c.o -o cmTC_5b5d3 
gmake[4]: Leaving directory '/home/fyou/Documents/todo/ur-rpc-super/pkg_src/deps/cjson/CMakeFiles/CMakeTmp'
gmake[3]: Leaving directory '/home/fyou/Documents/todo/ur-rpc-super/pkg_src/deps/cjson/CMakeFiles/CMakeTmp'


Source file was:
int main(void) { return 0; }
Performing C SOURCE FILE Test FLAG_SUPPORTED_Winitself succeeded with the following output:
Change Dir: /home/fyou/Documents/todo/ur-rpc-super/pkg_src/deps/cjson/CMakeFiles/CMakeTmp

Run Build Command(s):/usr/bin/gmake -f Makefile cmTC_9c60f/fast && gmake[3]: Entering directory '/home/fyou/Documents/todo/ur-rpc-super/pkg_src/deps/cjson/CMakeFiles/CMakeTmp'
/usr/bin/gmake  -f CMakeFiles/cmTC_9c60f.dir/build.make CMakeFiles/cmTC_9c60f.dir/build
gmake[4]: Entering directory '/home/fyou/Documents/todo/ur-rpc-super/pkg_src/deps/cjson/CMakeFiles/CMakeTmp'
Building C object CMakeFiles/cmTC_9c60f.dir/src.c.o
/usr/bin/cc -DFLAG_SUPPORTED_Winitself  -fPIC -std=c89 -pedantic -Wall -Wextra -Werror -Wstrict-prototypes -Wwrite-strings -Wshadow    -Winit-self -o CMakeFiles/cmTC_9c60f.dir/src.c.o -c /home/fyou/Documents/todo/ur-rpc-super/pkg_src/deps/cjson/CMakeFiles/CMakeTmp/src.c
Linking C executable cmTC_9c60f
/usr/bin/cmake -E cmake_link_script CMakeFiles/cmTC_9c60f.dir/link.txt --verbose=1
/usr/bin/cc -fPIC -std=c89 -pedantic -Wall -Wextra -Werror -Wstrict-prototypes -Wwrite-strings -Wshadow  -rdynamic CMakeFiles/cmTC_9c60f.dir/src.c.o -o cmTC_9c60f 
gmake[4]: Leaving directory '/home/fyou/Documents/todo/ur-rpc-super/pkg_src/deps/cjson/CMakeFiles/CMakeTmp'
gmake[3]: Leaving directory '/home/fyou/Documents/todo/ur-rpc-super/pkg_src/deps/cjson/CMakeFiles/CMakeTmp'


Source file was:
int main(void) { return 0; }
Performing C SOURCE FILE Test FLAG_SUPPORTED_Wcastalign succeeded with the following output:
Change Dir: /home/fyou/Documents/todo/ur-rpc-super/pkg_src/deps/cjson/CMakeFiles/CMakeTmp

Run Build Command(s):/usr/bin/gmake -f Makefile cmTC_4467e/fast && gmake[3]: Entering directory '/home/fyou/Documents/todo/ur-rpc-super/pkg_src/deps/cjson/CMakeFiles/CMakeTmp'
/usr/bin/gmake  -f CMakeFiles/cmTC_4467e.dir/build.make CMakeFiles/cmTC_4467e.dir/build
gmake[4]: Entering directory '/home/fyou/Documents/todo/ur-rpc-super/pkg_src/deps/cjson/CMakeFiles/CMakeTmp'
Building C object CMakeFiles/cmTC_4467e.dir/src.c.o
/usr/bin/cc -DFLAG_SUPPORTED_Wcastalign  -fPIC -std=c89 -pedantic -Wall -Wextra -Werror -Wstrict-prototypes -Wwrite-strings -Wshadow -Winit-self    -Wcast-align -o CMakeFiles/cmTC_4467e.dir/src.c.o -c /home/fyou/Documents/todo/ur-rpc-super/pkg_src/deps/cjson/CMakeFiles/CMakeTmp/src.c
Linking C executable cmTC_4467e
/usr/bin/cmake -E cmake_link_script CMakeFiles/cmTC_4467e.dir/link.txt --verbose=1
/usr/bin/cc -fPIC -std=c89 -pedantic -Wall -Wextra -Werror -Wstrict-prototypes -Wwrite-strings -Wshadow -Winit-self  -rdynamic CMakeFiles/cmTC_4467e.dir/src.c.o -o cmTC_4467e 
gmake[4]: Leaving directory '/home/fyou/Documents/todo/ur-rpc-super/pkg_src/deps/cjson/CMakeFiles/CMakeTmp'
gmake[3]: Leaving directory '/home/fyou/Documents/todo/ur-rpc-super/pkg_src/deps/cjson/CMakeFiles/CMakeTmp'


Source file was:
int main(void) { return 0; }
Performing C SOURCE FILE Test FLAG_SUPPORTED_Wformat2 succeeded with the following output:
Change Dir: /home/fyou/Documents/todo/ur-rpc-super/pkg_src/deps/cjson/CMakeFiles/CMakeTmp

Run Build Command(s):/usr/bin/gmake -f Makefile cmTC_ba5e5/fast && gmake[3]: Entering directory '/home/fyou/Documents/todo/ur-rpc-super/pkg_src/deps/cjson/CMakeFiles/CMakeTmp'
/usr/bin/gmake  -f CMakeFiles/cmTC_ba5e5.dir/build.make CMakeFiles/cmTC_ba5e5.dir/build
gmake[4]: Entering directory '/home/fyou/Documents/todo/ur-rpc-super/pkg_src/deps/cjson/CMakeFiles/CMakeTmp'
Building C object CMakeFiles/cmTC_ba5e5.dir/src.c.o
/usr/bin/cc -DFLAG_SUPPORTED_Wformat2  -fPIC -std=c89 -pedantic -Wall -Wextra -Werror -Wstrict-prototypes -Wwrite-strings -Wshadow -Winit-self -Wcast-align    -Wformat=2 -o CMakeFiles/cmTC_ba5e5.dir/src.c.o -c /home/fyou/Documents/todo/ur-rpc-super/pkg_src/deps/cjson/CMakeFiles/CMakeTmp/src.c
Linking C executable cmTC_ba5e5
/usr/bin/cmake -E cmake_link_script CMakeFiles/cmTC_ba5e5.dir/link.txt --verbose=1
/usr/bin/cc -fPIC -std=c89 -pedantic -Wall -Wextra -Werror -Wstrict-prototypes -Wwrite-strings -Wshadow -Winit-self -Wcast-align  -rdynamic CMakeFiles/cmTC_ba5e5.dir/src.c.o -o cmTC_ba5e5 
gmake[4]: Leaving directory '/home/fyou/Documents/todo/ur-rpc-super/pkg_src/deps/cjson/CMakeFiles/CMakeTmp'
gmake[3]: Leaving directory '/home/fyou/Documents/todo/ur-rpc-super/pkg_src/deps/cjson/CMakeFiles/CMakeTmp'


Source file was:
int main(void) { return 0; }
Performing C SOURCE FILE Test FLAG_SUPPORTED_Wmissingprototypes succeeded with the following output:
Change Dir: /home/fyou/Documents/todo/ur-rpc-super/pkg_src/deps/cjson/CMakeFiles/CMakeTmp

Run Build Command(s):/usr/bin/gmake -f Makefile cmTC_f5adb/fast && gmake[3]: Entering directory '/home/fyou/Documents/todo/ur-rpc-super/pkg_src/deps/cjson/CMakeFiles/CMakeTmp'
/usr/bin/gmake  -f CMakeFiles/cmTC_f5adb.dir/build.make CMakeFiles/cmTC_f5adb.dir/build
gmake[4]: Entering directory '/home/fyou/Documents/todo/ur-rpc-super/pkg_src/deps/cjson/CMakeFiles/CMakeTmp'
Building C object CMakeFiles/cmTC_f5adb.dir/src.c.o
/usr/bin/cc -DFLAG_SUPPORTED_Wmissingprototypes  -fPIC -std=c89 -pedantic -Wall -Wextra -Werror -Wstrict-prototypes -Wwrite-strings -Wshadow -Winit-self -Wcast-align -Wformat=2    -Wmissing-prototypes -o CMakeFiles/cmTC_f5adb.dir/src.c.o -c /home/fyou/Documents/todo/ur-rpc-super/pkg_src/deps/cjson/CMakeFiles/CMakeTmp/src.c
Linking C executable cmTC_f5adb
/usr/bin/cmake -E cmake_link_script CMakeFiles/cmTC_f5adb.dir/link.txt --verbose=1
/usr/bin/cc -fPIC -std=c89 -pedantic -Wall -Wextra -Werror -Wstrict-prototypes -Wwrite-strings -Wshadow -Winit-self -Wcast-align -Wformat=2  -rdynamic CMakeFiles/cmTC_f5adb.dir/src.c.o -o cmTC_f5adb 
gmake[4]: Leaving directory '/home/fyou/Documents/todo/ur-rpc-super/pkg_src/deps/cjson/CMakeFiles/CMakeTmp'
gmake[3]: Leaving directory '/home/fyou/Documents/todo/ur-rpc-super/pkg_src/deps/cjson/CMakeFiles/CMakeTmp'


Source file was:
int main(void) { return 0; }
Performing C SOURCE FILE Test FLAG_SUPPORTED_Wstrictoverflow2 succeeded with the following output:
Change Dir: /home/fyou/Documents/todo/ur-rpc-super/pkg_src/deps/cjson/CMakeFiles/CMakeTmp

Run Build Command(s):/usr/bin/gmake -f Makefile cmTC_d840f/fast && gmake[3]: Entering directory '/home/fyou/Documents/todo/ur-rpc-super/pkg_src/deps/cjson/CMakeFiles/CMakeTmp'
/usr/bin/gmake  -f CMakeFiles/cmTC_d840f.dir/build.make CMakeFiles/cmTC_d840f.dir/build
gmake[4]: Entering directory '/home/fyou/Documents/todo/ur-rpc-super/pkg_src/deps/cjson/CMakeFiles/CMakeTmp'
Building C object CMakeFiles/cmTC_d840f.dir/src.c.o
/usr/bin/cc -DFLAG_SUPPORTED_Wstrictoverflow2  -fPIC -std=c89 -pedantic -Wall -Wextra -Werror -Wstrict-prototypes -Wwrite-strings -Wshadow -Winit-self -Wcast-align -Wformat=2 -Wmissing-prototypes    -Wstrict-overflow=2 -o CMakeFiles/cmTC_d840f.dir/src.c.o -c /home/fyou/Documents/todo/ur-rpc-super/pkg_src/deps/cjson/CMakeFiles/CMakeTmp/src.c
Linking C executable cmTC_d840f
/usr/bin/cmake -E cmake_link_script CMakeFiles/cmTC_d840f.dir/link.txt --verbose=1
/usr/bin/cc -fPIC -std=c89 -pedantic -Wall -Wextra -Werror -Wstrict-prototypes -Wwrite-strings -Wshadow -Winit-self -Wcast-align -Wformat=2 -Wmissing-prototypes  -rdynamic CMakeFiles/cmTC_d840f.dir/src.c.o -o cmTC_d840f 
gmake[4]: Leaving directory '/home/fyou/Documents/todo/ur-rpc-super/pkg_src/deps/cjson/CMakeFiles/CMakeTmp'
gmake[3]: Leaving directory '/home/fyou/Documents/todo/ur-rpc-super/pkg_src/deps/cjson/CMakeFiles/CMakeTmp'


Source file was:
int main(void) { return 0; }
Performing C SOURCE FILE Test FLAG_SUPPORTED_Wcastqual succeeded with the following output:
Change Dir: /home/fyou/Documents/todo/ur-rpc-super/pkg_src/deps/cjson/CMakeFiles/CMakeTmp

Run Build Command(s):/usr/bin/gmake -f Makefile cmTC_43be2/fast && gmake[3]: Entering directory '/home/fyou/Documents/todo/ur-rpc-super/pkg_src/deps/cjson/CMakeFiles/CMakeTmp'
/usr/bin/gmake  -f CMakeFiles/cmTC_43be2.dir/build.make CMakeFiles/cmTC_43be2.dir/build
gmake[4]: Entering directory '/home/fyou/Documents/todo/ur-rpc-super/pkg_src/deps/cjson/CMakeFiles/CMakeTmp'
Building C object CMakeFiles/cmTC_43be2.dir/src.c.o
/usr/bin/cc -DFLAG_SUPPORTED_Wcastqual  -fPIC -std=c89 -pedantic -Wall -Wextra -Werror -Wstrict-prototypes -Wwrite-strings -Wshadow -Winit-self -Wcast-align -Wformat=2 -Wmissing-prototypes -Wstrict-overflow=2    -Wcast-qual -o CMakeFiles/cmTC_43be2.dir/src.c.o -c /home/fyou/Documents/todo/ur-rpc-super/pkg_src/deps/cjson/CMakeFiles/CMakeTmp/src.c
Linking C executable cmTC_43be2
/usr/bin/cmake -E cmake_link_script CMakeFiles/cmTC_43be2.dir/link.txt --verbose=1
/usr/bin/cc -fPIC -std=c89 -pedantic -Wall -Wextra -Werror -Wstrict-prototypes -Wwrite-strings -Wshadow -Winit-self -Wcast-align -Wformat=2 -Wmissing-prototypes -Wstrict-overflow=2  -rdynamic CMakeFiles/cmTC_43be2.dir/src.c.o -o cmTC_43be2 
gmake[4]: Leaving directory '/home/fyou/Documents/todo/ur-rpc-super/pkg_src/deps/cjson/CMakeFiles/CMakeTmp'
gmake[3]: Leaving directory '/home/fyou/Documents/todo/ur-rpc-super/pkg_src/deps/cjson/CMakeFiles/CMakeTmp'


Source file was:
int main(void) { return 0; }
Performing C SOURCE FILE Test FLAG_SUPPORTED_Wundef succeeded with the following output:
Change Dir: /home/fyou/Documents/todo/ur-rpc-super/pkg_src/deps/cjson/CMakeFiles/CMakeTmp

Run Build Command(s):/usr/bin/gmake -f Makefile cmTC_04b4b/fast && gmake[3]: Entering directory '/home/fyou/Documents/todo/ur-rpc-super/pkg_src/deps/cjson/CMakeFiles/CMakeTmp'
/usr/bin/gmake  -f CMakeFiles/cmTC_04b4b.dir/build.make CMakeFiles/cmTC_04b4b.dir/build
gmake[4]: Entering directory '/home/fyou/Documents/todo/ur-rpc-super/pkg_src/deps/cjson/CMakeFiles/CMakeTmp'
Building C object CMakeFiles/cmTC_04b4b.dir/src.c.o
/usr/bin/cc -DFLAG_SUPPORTED_Wundef  -fPIC -std=c89 -pedantic -Wall -Wextra -Werror -Wstrict-prototypes -Wwrite-strings -Wshadow -Winit-self -Wcast-align -Wformat=2 -Wmissing-prototypes -Wstrict-overflow=2 -Wcast-qual    -Wundef -o CMakeFiles/cmTC_04b4b.dir/src.c.o -c /home/fyou/Documents/todo/ur-rpc-super/pkg_src/deps/cjson/CMakeFiles/CMakeTmp/src.c
Linking C executable cmTC_04b4b
/usr/bin/cmake -E cmake_link_script CMakeFiles/cmTC_04b4b.dir/link.txt --verbose=1
/usr/bin/cc -fPIC -std=c89 -pedantic -Wall -Wextra -Werror -Wstrict-prototypes -Wwrite-strings -Wshadow -Winit-self -Wcast-align -Wformat=2 -Wmissing-prototypes -Wstrict-overflow=2 -Wcast-qual  -rdynamic CMakeFiles/cmTC_04b4b.dir/src.c.o -o cmTC_04b4b 
gmake[4]: Leaving directory '/home/fyou/Documents/todo/ur-rpc-super/pkg_src/deps/cjson/CMakeFiles/CMakeTmp'
gmake[3]: Leaving directory '/home/fyou/Documents/todo/ur-rpc-super/pkg_src/deps/cjson/CMakeFiles/CMakeTmp'


Source file was:
int main(void) { return 0; }
Performing C SOURCE FILE Test FLAG_SUPPORTED_Wswitchdefault succeeded with the following output:
Change Dir: /home/fyou/Documents/todo/ur-rpc-super/pkg_src/deps/cjson/CMakeFiles/CMakeTmp

Run Build Command(s):/usr/bin/gmake -f Makefile cmTC_50c2b/fast && gmake[3]: Entering directory '/home/fyou/Documents/todo/ur-rpc-super/pkg_src/deps/cjson/CMakeFiles/CMakeTmp'
/usr/bin/gmake  -f CMakeFiles/cmTC_50c2b.dir/build.make CMakeFiles/cmTC_50c2b.dir/build
gmake[4]: Entering directory '/home/fyou/Documents/todo/ur-rpc-super/pkg_src/deps/cjson/CMakeFiles/CMakeTmp'
Building C object CMakeFiles/cmTC_50c2b.dir/src.c.o
/usr/bin/cc -DFLAG_SUPPORTED_Wswitchdefault  -fPIC -std=c89 -pedantic -Wall -Wextra -Werror -Wstrict-prototypes -Wwrite-strings -Wshadow -Winit-self -Wcast-align -Wformat=2 -Wmissing-prototypes -Wstrict-overflow=2 -Wcast-qual -Wundef    -Wswitch-default -o CMakeFiles/cmTC_50c2b.dir/src.c.o -c /home/fyou/Documents/todo/ur-rpc-super/pkg_src/deps/cjson/CMakeFiles/CMakeTmp/src.c
Linking C executable cmTC_50c2b
/usr/bin/cmake -E cmake_link_script CMakeFiles/cmTC_50c2b.dir/link.txt --verbose=1
/usr/bin/cc -fPIC -std=c89 -pedantic -Wall -Wextra -Werror -Wstrict-prototypes -Wwrite-strings -Wshadow -Winit-self -Wcast-align -Wformat=2 -Wmissing-prototypes -Wstrict-overflow=2 -Wcast-qual -Wundef  -rdynamic CMakeFiles/cmTC_50c2b.dir/src.c.o -o cmTC_50c2b 
gmake[4]: Leaving directory '/home/fyou/Documents/todo/ur-rpc-super/pkg_src/deps/cjson/CMakeFiles/CMakeTmp'
gmake[3]: Leaving directory '/home/fyou/Documents/todo/ur-rpc-super/pkg_src/deps/cjson/CMakeFiles/CMakeTmp'


Source file was:
int main(void) { return 0; }
Performing C SOURCE FILE Test FLAG_SUPPORTED_Wconversion succeeded with the following output:
Change Dir: /home/fyou/Documents/todo/ur-rpc-super/pkg_src/deps/cjson/CMakeFiles/CMakeTmp

Run Build Command(s):/usr/bin/gmake -f Makefile cmTC_4ebcb/fast && gmake[3]: Entering directory '/home/fyou/Documents/todo/ur-rpc-super/pkg_src/deps/cjson/CMakeFiles/CMakeTmp'
/usr/bin/gmake  -f CMakeFiles/cmTC_4ebcb.dir/build.make CMakeFiles/cmTC_4ebcb.dir/build
gmake[4]: Entering directory '/home/fyou/Documents/todo/ur-rpc-super/pkg_src/deps/cjson/CMakeFiles/CMakeTmp'
Building C object CMakeFiles/cmTC_4ebcb.dir/src.c.o
/usr/bin/cc -DFLAG_SUPPORTED_Wconversion  -fPIC -std=c89 -pedantic -Wall -Wextra -Werror -Wstrict-prototypes -Wwrite-strings -Wshadow -Winit-self -Wcast-align -Wformat=2 -Wmissing-prototypes -Wstrict-overflow=2 -Wcast-qual -Wundef -Wswitch-default    -Wconversion -o CMakeFiles/cmTC_4ebcb.dir/src.c.o -c /home/fyou/Documents/todo/ur-rpc-super/pkg_src/deps/cjson/CMakeFiles/CMakeTmp/src.c
Linking C executable cmTC_4ebcb
/usr/bin/cmake -E cmake_link_script CMakeFiles/cmTC_4ebcb.dir/link.txt --verbose=1
/usr/bin/cc -fPIC -std=c89 -pedantic -Wall -Wextra -Werror -Wstrict-prototypes -Wwrite-strings -Wshadow -Winit-self -Wcast-align -Wformat=2 -Wmissing-prototypes -Wstrict-overflow=2 -Wcast-qual -Wundef -Wswitch-default  -rdynamic CMakeFiles/cmTC_4ebcb.dir/src.c.o -o cmTC_4ebcb 
gmake[4]: Leaving directory '/home/fyou/Documents/todo/ur-rpc-super/pkg_src/deps/cjson/CMakeFiles/CMakeTmp'
gmake[3]: Leaving directory '/home/fyou/Documents/todo/ur-rpc-super/pkg_src/deps/cjson/CMakeFiles/CMakeTmp'


Source file was:
int main(void) { return 0; }
Performing C SOURCE FILE Test FLAG_SUPPORTED_Wccompat succeeded with the following output:
Change Dir: /home/fyou/Documents/todo/ur-rpc-super/pkg_src/deps/cjson/CMakeFiles/CMakeTmp

Run Build Command(s):/usr/bin/gmake -f Makefile cmTC_2deb6/fast && gmake[3]: Entering directory '/home/fyou/Documents/todo/ur-rpc-super/pkg_src/deps/cjson/CMakeFiles/CMakeTmp'
/usr/bin/gmake  -f CMakeFiles/cmTC_2deb6.dir/build.make CMakeFiles/cmTC_2deb6.dir/build
gmake[4]: Entering directory '/home/fyou/Documents/todo/ur-rpc-super/pkg_src/deps/cjson/CMakeFiles/CMakeTmp'
Building C object CMakeFiles/cmTC_2deb6.dir/src.c.o
/usr/bin/cc -DFLAG_SUPPORTED_Wccompat  -fPIC -std=c89 -pedantic -Wall -Wextra -Werror -Wstrict-prototypes -Wwrite-strings -Wshadow -Winit-self -Wcast-align -Wformat=2 -Wmissing-prototypes -Wstrict-overflow=2 -Wcast-qual -Wundef -Wswitch-default -Wconversion    -Wc++-compat -o CMakeFiles/cmTC_2deb6.dir/src.c.o -c /home/fyou/Documents/todo/ur-rpc-super/pkg_src/deps/cjson/CMakeFiles/CMakeTmp/src.c
Linking C executable cmTC_2deb6
/usr/bin/cmake -E cmake_link_script CMakeFiles/cmTC_2deb6.dir/link.txt --verbose=1
/usr/bin/cc -fPIC -std=c89 -pedantic -Wall -Wextra -Werror -Wstrict-prototypes -Wwrite-strings -Wshadow -Winit-self -Wcast-align -Wformat=2 -Wmissing-prototypes -Wstrict-overflow=2 -Wcast-qual -Wundef -Wswitch-default -Wconversion  -rdynamic CMakeFiles/cmTC_2deb6.dir/src.c.o -o cmTC_2deb6 
gmake[4]: Leaving directory '/home/fyou/Documents/todo/ur-rpc-super/pkg_src/deps/cjson/CMakeFiles/CMakeTmp'
gmake[3]: Leaving directory '/home/fyou/Documents/todo/ur-rpc-super/pkg_src/deps/cjson/CMakeFiles/CMakeTmp'


Source file was:
int main(void) { return 0; }
Performing C SOURCE FILE Test FLAG_SUPPORTED_fstackprotectorstrong succeeded with the following output:
Change Dir: /home/fyou/Documents/todo/ur-rpc-super/pkg_src/deps/cjson/CMakeFiles/CMakeTmp

Run Build Command(s):/usr/bin/gmake -f Makefile cmTC_1cd20/fast && gmake[3]: Entering directory '/home/fyou/Documents/todo/ur-rpc-super/pkg_src/deps/cjson/CMakeFiles/CMakeTmp'
/usr/bin/gmake  -f CMakeFiles/cmTC_1cd20.dir/build.make CMakeFiles/cmTC_1cd20.dir/build
gmake[4]: Entering directory '/home/fyou/Documents/todo/ur-rpc-super/pkg_src/deps/cjson/CMakeFiles/CMakeTmp'
Building C object CMakeFiles/cmTC_1cd20.dir/src.c.o
/usr/bin/cc -DFLAG_SUPPORTED_fstackprotectorstrong  -fPIC -std=c89 -pedantic -Wall -Wextra -Werror -Wstrict-prototypes -Wwrite-strings -Wshadow -Winit-self -Wcast-align -Wformat=2 -Wmissing-prototypes -Wstrict-overflow=2 -Wcast-qual -Wundef -Wswitch-default -Wconversion -Wc++-compat    -fstack-protector-strong -o CMakeFiles/cmTC_1cd20.dir/src.c.o -c /home/fyou/Documents/todo/ur-rpc-super/pkg_src/deps/cjson/CMakeFiles/CMakeTmp/src.c
Linking C executable cmTC_1cd20
/usr/bin/cmake -E cmake_link_script CMakeFiles/cmTC_1cd20.dir/link.txt --verbose=1
/usr/bin/cc -fPIC -std=c89 -pedantic -Wall -Wextra -Werror -Wstrict-prototypes -Wwrite-strings -Wshadow -Winit-self -Wcast-align -Wformat=2 -Wmissing-prototypes -Wstrict-overflow=2 -Wcast-qual -Wundef -Wswitch-default -Wconversion -Wc++-compat  -rdynamic CMakeFiles/cmTC_1cd20.dir/src.c.o -o cmTC_1cd20 
gmake[4]: Leaving directory '/home/fyou/Documents/todo/ur-rpc-super/pkg_src/deps/cjson/CMakeFiles/CMakeTmp'
gmake[3]: Leaving directory '/home/fyou/Documents/todo/ur-rpc-super/pkg_src/deps/cjson/CMakeFiles/CMakeTmp'


Source file was:
int main(void) { return 0; }
Performing C SOURCE FILE Test FLAG_SUPPORTED_Wdoublepromotion succeeded with the following output:
Change Dir: /home/fyou/Documents/todo/ur-rpc-super/pkg_src/deps/cjson/CMakeFiles/CMakeTmp

Run Build Command(s):/usr/bin/gmake -f Makefile cmTC_29ae4/fast && gmake[3]: Entering directory '/home/fyou/Documents/todo/ur-rpc-super/pkg_src/deps/cjson/CMakeFiles/CMakeTmp'
/usr/bin/gmake  -f CMakeFiles/cmTC_29ae4.dir/build.make CMakeFiles/cmTC_29ae4.dir/build
gmake[4]: Entering directory '/home/fyou/Documents/todo/ur-rpc-super/pkg_src/deps/cjson/CMakeFiles/CMakeTmp'
Building C object CMakeFiles/cmTC_29ae4.dir/src.c.o
/usr/bin/cc -DFLAG_SUPPORTED_Wdoublepromotion  -fPIC -std=c89 -pedantic -Wall -Wextra -Werror -Wstrict-prototypes -Wwrite-strings -Wshadow -Winit-self -Wcast-align -Wformat=2 -Wmissing-prototypes -Wstrict-overflow=2 -Wcast-qual -Wundef -Wswitch-default -Wconversion -Wc++-compat -fstack-protector-strong    -Wdouble-promotion -o CMakeFiles/cmTC_29ae4.dir/src.c.o -c /home/fyou/Documents/todo/ur-rpc-super/pkg_src/deps/cjson/CMakeFiles/CMakeTmp/src.c
Linking C executable cmTC_29ae4
/usr/bin/cmake -E cmake_link_script CMakeFiles/cmTC_29ae4.dir/link.txt --verbose=1
/usr/bin/cc -fPIC -std=c89 -pedantic -Wall -Wextra -Werror -Wstrict-prototypes -Wwrite-strings -Wshadow -Winit-self -Wcast-align -Wformat=2 -Wmissing-prototypes -Wstrict-overflow=2 -Wcast-qual -Wundef -Wswitch-default -Wconversion -Wc++-compat -fstack-protector-strong  -rdynamic CMakeFiles/cmTC_29ae4.dir/src.c.o -o cmTC_29ae4 
gmake[4]: Leaving directory '/home/fyou/Documents/todo/ur-rpc-super/pkg_src/deps/cjson/CMakeFiles/CMakeTmp'
gmake[3]: Leaving directory '/home/fyou/Documents/todo/ur-rpc-super/pkg_src/deps/cjson/CMakeFiles/CMakeTmp'


Source file was:
int main(void) { return 0; }
Performing C SOURCE FILE Test FLAG_SUPPORTED_Wparentheses succeeded with the following output:
Change Dir: /home/fyou/Documents/todo/ur-rpc-super/pkg_src/deps/cjson/CMakeFiles/CMakeTmp

Run Build Command(s):/usr/bin/gmake -f Makefile cmTC_a225a/fast && gmake[3]: Entering directory '/home/fyou/Documents/todo/ur-rpc-super/pkg_src/deps/cjson/CMakeFiles/CMakeTmp'
/usr/bin/gmake  -f CMakeFiles/cmTC_a225a.dir/build.make CMakeFiles/cmTC_a225a.dir/build
gmake[4]: Entering directory '/home/fyou/Documents/todo/ur-rpc-super/pkg_src/deps/cjson/CMakeFiles/CMakeTmp'
Building C object CMakeFiles/cmTC_a225a.dir/src.c.o
/usr/bin/cc -DFLAG_SUPPORTED_Wparentheses  -fPIC -std=c89 -pedantic -Wall -Wextra -Werror -Wstrict-prototypes -Wwrite-strings -Wshadow -Winit-self -Wcast-align -Wformat=2 -Wmissing-prototypes -Wstrict-overflow=2 -Wcast-qual -Wundef -Wswitch-default -Wconversion -Wc++-compat -fstack-protector-strong -Wdouble-promotion    -Wparentheses -o CMakeFiles/cmTC_a225a.dir/src.c.o -c /home/fyou/Documents/todo/ur-rpc-super/pkg_src/deps/cjson/CMakeFiles/CMakeTmp/src.c
Linking C executable cmTC_a225a
/usr/bin/cmake -E cmake_link_script CMakeFiles/cmTC_a225a.dir/link.txt --verbose=1
/usr/bin/cc -fPIC -std=c89 -pedantic -Wall -Wextra -Werror -Wstrict-prototypes -Wwrite-strings -Wshadow -Winit-self -Wcast-align -Wformat=2 -Wmissing-prototypes -Wstrict-overflow=2 -Wcast-qual -Wundef -Wswitch-default -Wconversion -Wc++-compat -fstack-protector-strong -Wdouble-promotion  -rdynamic CMakeFiles/cmTC_a225a.dir/src.c.o -o cmTC_a225a 
gmake[4]: Leaving directory '/home/fyou/Documents/todo/ur-rpc-super/pkg_src/deps/cjson/CMakeFiles/CMakeTmp'
gmake[3]: Leaving directory '/home/fyou/Documents/todo/ur-rpc-super/pkg_src/deps/cjson/CMakeFiles/CMakeTmp'


Source file was:
int main(void) { return 0; }
Performing C SOURCE FILE Test FLAG_SUPPORTED_Wformatoverflow succeeded with the following output:
Change Dir: /home/fyou/Documents/todo/ur-rpc-super/pkg_src/deps/cjson/CMakeFiles/CMakeTmp

Run Build Command(s):/usr/bin/gmake -f Makefile cmTC_294eb/fast && gmake[3]: Entering directory '/home/fyou/Documents/todo/ur-rpc-super/pkg_src/deps/cjson/CMakeFiles/CMakeTmp'
/usr/bin/gmake  -f CMakeFiles/cmTC_294eb.dir/build.make CMakeFiles/cmTC_294eb.dir/build
gmake[4]: Entering directory '/home/fyou/Documents/todo/ur-rpc-super/pkg_src/deps/cjson/CMakeFiles/CMakeTmp'
Building C object CMakeFiles/cmTC_294eb.dir/src.c.o
/usr/bin/cc -DFLAG_SUPPORTED_Wformatoverflow  -fPIC -std=c89 -pedantic -Wall -Wextra -Werror -Wstrict-prototypes -Wwrite-strings -Wshadow -Winit-self -Wcast-align -Wformat=2 -Wmissing-prototypes -Wstrict-overflow=2 -Wcast-qual -Wundef -Wswitch-default -Wconversion -Wc++-compat -fstack-protector-strong -Wdouble-promotion -Wparentheses    -Wformat-overflow -o CMakeFiles/cmTC_294eb.dir/src.c.o -c /home/fyou/Documents/todo/ur-rpc-super/pkg_src/deps/cjson/CMakeFiles/CMakeTmp/src.c
Linking C executable cmTC_294eb
/usr/bin/cmake -E cmake_link_script CMakeFiles/cmTC_294eb.dir/link.txt --verbose=1
/usr/bin/cc -fPIC -std=c89 -pedantic -Wall -Wextra -Werror -Wstrict-prototypes -Wwrite-strings -Wshadow -Winit-self -Wcast-align -Wformat=2 -Wmissing-prototypes -Wstrict-overflow=2 -Wcast-qual -Wundef -Wswitch-default -Wconversion -Wc++-compat -fstack-protector-strong -Wdouble-promotion -Wparentheses  -rdynamic CMakeFiles/cmTC_294eb.dir/src.c.o -o cmTC_294eb 
gmake[4]: Leaving directory '/home/fyou/Documents/todo/ur-rpc-super/pkg_src/deps/cjson/CMakeFiles/CMakeTmp'
gmake[3]: Leaving directory '/home/fyou/Documents/todo/ur-rpc-super/pkg_src/deps/cjson/CMakeFiles/CMakeTmp'


Source file was:
int main(void) { return 0; }
Performing C SOURCE FILE Test FLAG_SUPPORTED_Wunusedmacros succeeded with the following output:
Change Dir: /home/fyou/Documents/todo/ur-rpc-super/pkg_src/deps/cjson/CMakeFiles/CMakeTmp

Run Build Command(s):/usr/bin/gmake -f Makefile cmTC_0f781/fast && gmake[3]: Entering directory '/home/fyou/Documents/todo/ur-rpc-super/pkg_src/deps/cjson/CMakeFiles/CMakeTmp'
/usr/bin/gmake  -f CMakeFiles/cmTC_0f781.dir/build.make CMakeFiles/cmTC_0f781.dir/build
gmake[4]: Entering directory '/home/fyou/Documents/todo/ur-rpc-super/pkg_src/deps/cjson/CMakeFiles/CMakeTmp'
Building C object CMakeFiles/cmTC_0f781.dir/src.c.o
/usr/bin/cc -DFLAG_SUPPORTED_Wunusedmacros  -fPIC -std=c89 -pedantic -Wall -Wextra -Werror -Wstrict-prototypes -Wwrite-strings -Wshadow -Winit-self -Wcast-align -Wformat=2 -Wmissing-prototypes -Wstrict-overflow=2 -Wcast-qual -Wundef -Wswitch-default -Wconversion -Wc++-compat -fstack-protector-strong -Wdouble-promotion -Wparentheses -Wformat-overflow    -Wunused-macros -o CMakeFiles/cmTC_0f781.dir/src.c.o -c /home/fyou/Documents/todo/ur-rpc-super/pkg_src/deps/cjson/CMakeFiles/CMakeTmp/src.c
Linking C executable cmTC_0f781
/usr/bin/cmake -E cmake_link_script CMakeFiles/cmTC_0f781.dir/link.txt --verbose=1
/usr/bin/cc -fPIC -std=c89 -pedantic -Wall -Wextra -Werror -Wstrict-prototypes -Wwrite-strings -Wshadow -Winit-self -Wcast-align -Wformat=2 -Wmissing-prototypes -Wstrict-overflow=2 -Wcast-qual -Wundef -Wswitch-default -Wconversion -Wc++-compat -fstack-protector-strong -Wdouble-promotion -Wparentheses -Wformat-overflow  -rdynamic CMakeFiles/cmTC_0f781.dir/src.c.o -o cmTC_0f781 
gmake[4]: Leaving directory '/home/fyou/Documents/todo/ur-rpc-super/pkg_src/deps/cjson/CMakeFiles/CMakeTmp'
gmake[3]: Leaving directory '/home/fyou/Documents/todo/ur-rpc-super/pkg_src/deps/cjson/CMakeFiles/CMakeTmp'


Source file was:
int main(void) { return 0; }
Performing C SOURCE FILE Test FLAG_SUPPORTED_Wswitchenum succeeded with the following output:
Change Dir: /home/fyou/Documents/todo/ur-rpc-super/pkg_src/deps/cjson/CMakeFiles/CMakeTmp

Run Build Command(s):/usr/bin/gmake -f Makefile cmTC_05cfa/fast && gmake[3]: Entering directory '/home/fyou/Documents/todo/ur-rpc-super/pkg_src/deps/cjson/CMakeFiles/CMakeTmp'
/usr/bin/gmake  -f CMakeFiles/cmTC_05cfa.dir/build.make CMakeFiles/cmTC_05cfa.dir/build
gmake[4]: Entering directory '/home/fyou/Documents/todo/ur-rpc-super/pkg_src/deps/cjson/CMakeFiles/CMakeTmp'
Building C object CMakeFiles/cmTC_05cfa.dir/src.c.o
/usr/bin/cc -DFLAG_SUPPORTED_Wswitchenum  -fPIC -std=c89 -pedantic -Wall -Wextra -Werror -Wstrict-prototypes -Wwrite-strings -Wshadow -Winit-self -Wcast-align -Wformat=2 -Wmissing-prototypes -Wstrict-overflow=2 -Wcast-qual -Wundef -Wswitch-default -Wconversion -Wc++-compat -fstack-protector-strong -Wdouble-promotion -Wparentheses -Wformat-overflow -Wunused-macros    -Wswitch-enum -o CMakeFiles/cmTC_05cfa.dir/src.c.o -c /home/fyou/Documents/todo/ur-rpc-super/pkg_src/deps/cjson/CMakeFiles/CMakeTmp/src.c
Linking C executable cmTC_05cfa
/usr/bin/cmake -E cmake_link_script CMakeFiles/cmTC_05cfa.dir/link.txt --verbose=1
/usr/bin/cc -fPIC -std=c89 -pedantic -Wall -Wextra -Werror -Wstrict-prototypes -Wwrite-strings -Wshadow -Winit-self -Wcast-align -Wformat=2 -Wmissing-prototypes -Wstrict-overflow=2 -Wcast-qual -Wundef -Wswitch-default -Wconversion -Wc++-compat -fstack-protector-strong -Wdouble-promotion -Wparentheses -Wformat-overflow -Wunused-macros  -rdynamic CMakeFiles/cmTC_05cfa.dir/src.c.o -o cmTC_05cfa 
gmake[4]: Leaving directory '/home/fyou/Documents/todo/ur-rpc-super/pkg_src/deps/cjson/CMakeFiles/CMakeTmp'
gmake[3]: Leaving directory '/home/fyou/Documents/todo/ur-rpc-super/pkg_src/deps/cjson/CMakeFiles/CMakeTmp'


Source file was:
int main(void) { return 0; }
Performing C SOURCE FILE Test FLAG_SUPPORTED_fvisibilityhidden succeeded with the following output:
Change Dir: /home/fyou/Documents/todo/ur-rpc-super/pkg_src/deps/cjson/CMakeFiles/CMakeTmp

Run Build Command(s):/usr/bin/gmake -f Makefile cmTC_8842a/fast && gmake[3]: Entering directory '/home/fyou/Documents/todo/ur-rpc-super/pkg_src/deps/cjson/CMakeFiles/CMakeTmp'
/usr/bin/gmake  -f CMakeFiles/cmTC_8842a.dir/build.make CMakeFiles/cmTC_8842a.dir/build
gmake[4]: Entering directory '/home/fyou/Documents/todo/ur-rpc-super/pkg_src/deps/cjson/CMakeFiles/CMakeTmp'
Building C object CMakeFiles/cmTC_8842a.dir/src.c.o
/usr/bin/cc -DFLAG_SUPPORTED_fvisibilityhidden  -fPIC -std=c89 -pedantic -Wall -Wextra -Werror -Wstrict-prototypes -Wwrite-strings -Wshadow -Winit-self -Wcast-align -Wformat=2 -Wmissing-prototypes -Wstrict-overflow=2 -Wcast-qual -Wundef -Wswitch-default -Wconversion -Wc++-compat -fstack-protector-strong -Wdouble-promotion -Wparentheses -Wformat-overflow -Wunused-macros -Wswitch-enum    -fvisibility=hidden -o CMakeFiles/cmTC_8842a.dir/src.c.o -c /home/fyou/Documents/todo/ur-rpc-super/pkg_src/deps/cjson/CMakeFiles/CMakeTmp/src.c
Linking C executable cmTC_8842a
/usr/bin/cmake -E cmake_link_script CMakeFiles/cmTC_8842a.dir/link.txt --verbose=1
/usr/bin/cc -fPIC -std=c89 -pedantic -Wall -Wextra -Werror -Wstrict-prototypes -Wwrite-strings -Wshadow -Winit-self -Wcast-align -Wformat=2 -Wmissing-prototypes -Wstrict-overflow=2 -Wcast-qual -Wundef -Wswitch-default -Wconversion -Wc++-compat -fstack-protector-strong -Wdouble-promotion -Wparentheses -Wformat-overflow -Wunused-macros -Wswitch-enum  -rdynamic CMakeFiles/cmTC_8842a.dir/src.c.o -o cmTC_8842a 
gmake[4]: Leaving directory '/home/fyou/Documents/todo/ur-rpc-super/pkg_src/deps/cjson/CMakeFiles/CMakeTmp'
gmake[3]: Leaving directory '/home/fyou/Documents/todo/ur-rpc-super/pkg_src/deps/cjson/CMakeFiles/CMakeTmp'


Source file was:
int main(void) { return 0; }
