Performing C SOURCE FILE Test FLAG_SUPPORTED_Wcomma failed with the following output:
Change Dir: /home/fyou/Documents/todo/ur-rpc-super/pkg_src/deps/cjson/CMakeFiles/CMakeTmp

Run Build Command(s):/usr/bin/gmake -f Makefile cmTC_b12a8/fast && gmake[3]: Entering directory '/home/fyou/Documents/todo/ur-rpc-super/pkg_src/deps/cjson/CMakeFiles/CMakeTmp'
/usr/bin/gmake  -f CMakeFiles/cmTC_b12a8.dir/build.make CMakeFiles/cmTC_b12a8.dir/build
gmake[4]: Entering directory '/home/fyou/Documents/todo/ur-rpc-super/pkg_src/deps/cjson/CMakeFiles/CMakeTmp'
Building C object CMakeFiles/cmTC_b12a8.dir/src.c.o
/usr/bin/cc -DFLAG_SUPPORTED_Wcomma  -fPIC -std=c89 -pedantic -Wall -Wextra -Werror -Wstrict-prototypes -Wwrite-strings -Wshadow -Winit-self -Wcast-align -Wformat=2 -Wmissing-prototypes -Wstrict-overflow=2 -Wcast-qual -Wundef -Wswitch-default -Wconversion -Wc++-compat -fstack-protector-strong    -Wcomma -o CMakeFiles/cmTC_b12a8.dir/src.c.o -c /home/fyou/Documents/todo/ur-rpc-super/pkg_src/deps/cjson/CMakeFiles/CMakeTmp/src.c
cc: error: unrecognized command-line option '-Wcomma'; did you mean '-Wcomment'?
gmake[4]: *** [CMakeFiles/cmTC_b12a8.dir/build.make:78: CMakeFiles/cmTC_b12a8.dir/src.c.o] Error 1
gmake[4]: Leaving directory '/home/fyou/Documents/todo/ur-rpc-super/pkg_src/deps/cjson/CMakeFiles/CMakeTmp'
gmake[3]: *** [Makefile:127: cmTC_b12a8/fast] Error 2
gmake[3]: Leaving directory '/home/fyou/Documents/todo/ur-rpc-super/pkg_src/deps/cjson/CMakeFiles/CMakeTmp'


Source file was:
int main(void) { return 0; }
Performing C SOURCE FILE Test FLAG_SUPPORTED_Wmissingvariabledeclarations failed with the following output:
Change Dir: /home/fyou/Documents/todo/ur-rpc-super/pkg_src/deps/cjson/CMakeFiles/CMakeTmp

Run Build Command(s):/usr/bin/gmake -f Makefile cmTC_bb6c3/fast && gmake[3]: Entering directory '/home/fyou/Documents/todo/ur-rpc-super/pkg_src/deps/cjson/CMakeFiles/CMakeTmp'
/usr/bin/gmake  -f CMakeFiles/cmTC_bb6c3.dir/build.make CMakeFiles/cmTC_bb6c3.dir/build
gmake[4]: Entering directory '/home/fyou/Documents/todo/ur-rpc-super/pkg_src/deps/cjson/CMakeFiles/CMakeTmp'
Building C object CMakeFiles/cmTC_bb6c3.dir/src.c.o
/usr/bin/cc -DFLAG_SUPPORTED_Wmissingvariabledeclarations  -fPIC -std=c89 -pedantic -Wall -Wextra -Werror -Wstrict-prototypes -Wwrite-strings -Wshadow -Winit-self -Wcast-align -Wformat=2 -Wmissing-prototypes -Wstrict-overflow=2 -Wcast-qual -Wundef -Wswitch-default -Wconversion -Wc++-compat -fstack-protector-strong -Wdouble-promotion -Wparentheses -Wformat-overflow -Wunused-macros    -Wmissing-variable-declarations -o CMakeFiles/cmTC_bb6c3.dir/src.c.o -c /home/fyou/Documents/todo/ur-rpc-super/pkg_src/deps/cjson/CMakeFiles/CMakeTmp/src.c
cc: error: unrecognized command-line option '-Wmissing-variable-declarations'; did you mean '-Wmissing-declarations'?
gmake[4]: *** [CMakeFiles/cmTC_bb6c3.dir/build.make:78: CMakeFiles/cmTC_bb6c3.dir/src.c.o] Error 1
gmake[4]: Leaving directory '/home/fyou/Documents/todo/ur-rpc-super/pkg_src/deps/cjson/CMakeFiles/CMakeTmp'
gmake[3]: *** [Makefile:127: cmTC_bb6c3/fast] Error 2
gmake[3]: Leaving directory '/home/fyou/Documents/todo/ur-rpc-super/pkg_src/deps/cjson/CMakeFiles/CMakeTmp'


Source file was:
int main(void) { return 0; }
Performing C SOURCE FILE Test FLAG_SUPPORTED_Wusedbutmarkedunused failed with the following output:
Change Dir: /home/fyou/Documents/todo/ur-rpc-super/pkg_src/deps/cjson/CMakeFiles/CMakeTmp

Run Build Command(s):/usr/bin/gmake -f Makefile cmTC_6f7ca/fast && gmake[3]: Entering directory '/home/fyou/Documents/todo/ur-rpc-super/pkg_src/deps/cjson/CMakeFiles/CMakeTmp'
/usr/bin/gmake  -f CMakeFiles/cmTC_6f7ca.dir/build.make CMakeFiles/cmTC_6f7ca.dir/build
gmake[4]: Entering directory '/home/fyou/Documents/todo/ur-rpc-super/pkg_src/deps/cjson/CMakeFiles/CMakeTmp'
Building C object CMakeFiles/cmTC_6f7ca.dir/src.c.o
/usr/bin/cc -DFLAG_SUPPORTED_Wusedbutmarkedunused  -fPIC -std=c89 -pedantic -Wall -Wextra -Werror -Wstrict-prototypes -Wwrite-strings -Wshadow -Winit-self -Wcast-align -Wformat=2 -Wmissing-prototypes -Wstrict-overflow=2 -Wcast-qual -Wundef -Wswitch-default -Wconversion -Wc++-compat -fstack-protector-strong -Wdouble-promotion -Wparentheses -Wformat-overflow -Wunused-macros    -Wused-but-marked-unused -o CMakeFiles/cmTC_6f7ca.dir/src.c.o -c /home/fyou/Documents/todo/ur-rpc-super/pkg_src/deps/cjson/CMakeFiles/CMakeTmp/src.c
cc: error: unrecognized command-line option '-Wused-but-marked-unused'
gmake[4]: *** [CMakeFiles/cmTC_6f7ca.dir/build.make:78: CMakeFiles/cmTC_6f7ca.dir/src.c.o] Error 1
gmake[4]: Leaving directory '/home/fyou/Documents/todo/ur-rpc-super/pkg_src/deps/cjson/CMakeFiles/CMakeTmp'
gmake[3]: *** [Makefile:127: cmTC_6f7ca/fast] Error 2
gmake[3]: Leaving directory '/home/fyou/Documents/todo/ur-rpc-super/pkg_src/deps/cjson/CMakeFiles/CMakeTmp'


Source file was:
int main(void) { return 0; }
